✔ [3/23] Built Batteries.Lean.TagAttribute (283ms)
✔ [4/25] Built Batteries.Classes.RatCast (302ms)
✔ [5/26] Built Batteries.Tactic.Unreachable (441ms)
✔ [6/26] Built Batteries.Lean.Except (388ms)
✔ [7/29] Built Batteries.Util.LibraryNote (664ms)
✔ [8/29] Built Batteries.Util.ProofWanted (660ms)
✔ [9/29] Built Batteries.Lean.EStateM (624ms)
✔ [10/38] Built Batteries.Lean.AttributeExtra (503ms)
✔ [11/38] Built Batteries.Tactic.SeqFocus (723ms)
✔ [12/38] Built Batteries.Lean.Position (439ms)
✔ [13/38] Built Batteries.Data.List.ArrayMap (314ms)
✔ [15/44] Built Batteries.Data.List.Init.Lemmas (267ms)
✔ [16/49] Built Batteries.Classes.Cast (526ms)
✔ [17/49] Built Batteries.Tactic.Init (1.1s)
✔ [18/49] Built Batteries.CodeAction.Attr (925ms)
✔ [19/49] Built Batteries.Control.ForInStep.Basic (332ms)
✔ [20/53] Built Batteries.Data.List.Matcher (405ms)
✔ [21/56] Built Batteries.Linter.UnreachableTactic (957ms)
✔ [22/62] Built Batteries.Control.ForInStep.Lemmas (381ms)
✔ [23/62] Built Batteries.Control.Lemmas (404ms)
✔ [24/66] Built Batteries.Control.ForInStep (234ms)
✔ [25/66] Built Batteries.Data.Array.Init.Lemmas (226ms)
✔ [26/69] Built Batteries.Classes.SatisfiesM (1.1s)
✔ [27/69] Built Batteries.CodeAction.Deprecated (1.1s)
✔ [28/70] Built Batteries.Data.Bool (315ms)
✔ [29/70] Built Batteries.Control.LawfulMonadState (1.1s)
✔ [30/73] Built Batteries.Linter.UnnecessarySeqFocus (1.5s)
✔ [31/73] Built Batteries.CodeAction.Basic (1.1s)
✔ [32/73] Built Batteries.Tactic.Lint.Basic (1.1s)
✔ [33/76] Built Batteries.Data.List.Monadic (469ms)
✔ [34/78] Built Batteries.Data.BitVec.Basic (433ms)
✔ [35/78] Built Batteries.Data.Array.Merge (1.3s)
✔ [36/81] Built Batteries.Linter (572ms)
✔ [37/81] Built Batteries.Control.OptionT (533ms)
✔ [38/84] Built Batteries.Data.Nat.Basic (598ms)
✔ [39/86] Built Batteries.Tactic.Basic (427ms)
✔ [40/86] Built Batteries.Data.DList.Basic (292ms)
✔ [41/92] Built Batteries.Data.ByteArray (717ms)
✔ [42/92] Built Batteries.Data.ByteSlice (625ms)
✔ [43/97] Built Batteries.Data.Array.Monadic (1.7s)
✔ [44/98] Built Batteries.Tactic.Alias (1.9s)
✔ [45/98] Built Batteries.Control.AlternativeMonad (755ms)
✔ [46/98] Built Batteries.Tactic.Lint.Misc (1.3s)
✔ [47/98] Built Batteries.Data.DList.Lemmas (281ms)
✔ [48/99] Built Batteries.CodeAction.Misc (2.6s)
✔ [49/99] Built Batteries.Data.FloatArray (445ms)
✔ [50/99] Built Batteries.Lean.HashMap (454ms)
✔ [51/102] Built Batteries.Data.DList (386ms)
✔ [52/102] Built Batteries.Lean.System.IO (467ms)
✔ [53/102] Built Batteries.Data.NameSet (414ms)
✔ [54/102] Built Batteries.Data.BinaryHeap.Basic (2.4s)
✔ [55/102] Built Batteries.Classes.Order (1.0s)
✔ [56/102] Built Batteries.Data.Nat.Bitwise (463ms)
✔ [57/102] Built Batteries.Control.Monad (663ms)
✔ [58/102] Built Batteries.Data.Array.Pairwise (798ms)
✔ [59/102] Built Batteries.Data.BinaryHeap (299ms)
✔ [60/106] Built Batteries.Data.Nat.Lemmas (932ms)
✔ [61/106] Built Batteries.Data.Nat.Gcd (669ms)
✔ [62/108] Built Batteries.Data.HashMap.Basic (929ms)
✔ [63/108] Built Batteries.Data.MLList.Basic (1.4s)
✔ [64/108] Built Batteries.Classes.Deprecated (956ms)
✔ [65/110] Built Batteries.Data.UInt (1.1s)
✔ [66/110] Built Batteries.Data.Int (743ms)
✔ [67/110] Built Batteries.Data.Fin.OfBits (722ms)
✔ [68/110] Built Batteries.Data.PairingHeap (1.4s)
✔ [69/110] Built Batteries.Data.Fin.Basic (1.3s)
✔ [70/110] Built Batteries.Data.MLList.IO (419ms)
✔ [71/110] Built Batteries.Data.Nat.Bisect (2.4s)
✔ [72/112] Built Batteries.Data.HashMap (515ms)
✔ [73/112] Built Batteries.Data.MLList.Heartbeats (337ms)
✔ [74/112] Built Batteries.Control.Nondet.Basic (625ms)
✔ [75/117] Built Batteries.Data.MLList (338ms)
✔ [76/117] Built Batteries.Data.Nat (521ms)
✔ [77/117] Built Batteries.Data.Range.Lemmas (547ms)
✔ [78/119] Built Batteries.Data.RunningStats (307ms)
✔ [79/119] Built Batteries.Data.Stream (331ms)
✔ [80/121] Built Batteries.Lean.Float (447ms)
✔ [82/123] Built Batteries.Data.BitVec.Lemmas (1.2s)
✔ [83/123] Built Batteries.Data.String.AsciiCasing (184ms)
✔ [85/123] Built Batteries.Data.Rat.Float (257ms)
✔ [86/129] Built Batteries.Data.Fin.Fold (1.3s)
✔ [87/129] Built Batteries.Data.Range (495ms)
✔ [88/131] Built Batteries.Data.Rat (210ms)
✔ [89/132] Built Batteries.Util.Panic (224ms)
✔ [90/132] Built Batteries.Data.Vector.Basic (213ms)
✔ [91/133] Built Batteries.Data.BitVec (529ms)
✔ [92/135] Built Batteries.Data.List.Basic (3.9s)
✔ [93/135] Built Batteries.Data.Random.MersenneTwister (1.9s)
✔ [94/135] Built Batteries.Data.Vector.Lemmas (559ms)
✔ [95/135] Built Batteries.Lean.HashSet (271ms)
✔ [96/136] Built Batteries.Data.RBMap.Basic (3.5s)
✔ [97/136] Built Batteries.Data.Random (295ms)
✔ [98/136] Built Batteries.Data.Vector.Monadic (526ms)
✔ [99/137] Built Batteries.Lean.Expr (705ms)
✔ [100/137] Built Batteries.Lean.IO.Process (369ms)
✔ [101/137] Built Batteries.Data.String.Legacy (1.4s)
✔ [102/137] Built Batteries.Lean.Json (346ms)
✔ [103/138] Built Batteries.Data.List.Pairwise (583ms)
✔ [104/138] Built Batteries.Data.Vector (570ms)
✔ [105/138] Built Batteries.Lean.LawfulMonad (556ms)
✔ [106/141] Built Batteries.Lean.LawfulMonadLift (681ms)
✔ [107/143] Built Batteries.Data.Fin.Lemmas (1.7s)
✔ [108/143] Built Batteries.Lean.Meta.Basic (527ms)
✔ [109/143] Built Batteries.Lean.Meta.Expr (351ms)
✔ [110/145] Built Batteries.Data.AssocList (2.0s)
✔ [111/145] Built Batteries.Lean.PersistentHashMap (427ms)
✔ [112/145] Built Batteries.Lean.Meta.Inaccessible (559ms)
✔ [113/151] Built Batteries.Data.Fin (826ms)
✔ [114/151] Built Batteries.Lean.Meta.DiscrTree (443ms)
✔ [115/151] Built Batteries.Lean.Meta.InstantiateMVars (475ms)
✔ [116/151] Built Batteries.Lean.MonadBacktrack (335ms)
✔ [117/151] Built Batteries.Data.Array.Basic (4.0s)
✔ [118/152] Built Batteries.Lean.NameMapAttribute (452ms)
✔ [119/155] Built Batteries.Lean.Meta.SavedState (410ms)
✔ [120/155] Built Batteries.Lean.Meta.UnusedNames (546ms)
✔ [121/155] Built Batteries.Lean.PersistentHashSet (504ms)
✔ [122/156] Built Batteries.Lean.Syntax (277ms)
✔ [123/157] Built Batteries.Data.BinomialHeap.Basic (7.0s)
✔ [124/157] Built Batteries.Data.UnionFind.Basic (3.9s)
✔ [125/158] Built Batteries.Lean.Util.EnvSearch (469ms)
✔ [126/158] Built Batteries.Lean.SatisfiesM (625ms)
✔ [127/160] Built Batteries.Tactic.OpenPrivate (1.4s)
✔ [128/160] Built Batteries.Logic (677ms)
✔ [129/160] Built Batteries.Data.BinomialHeap.Lemmas (699ms)
✔ [130/161] Built Batteries.Tactic.Exact (665ms)
✔ [131/161] Built Batteries.Tactic.Congr (1.1s)
✔ [132/161] Built Batteries.Data.UnionFind.Lemmas (1.2s)
✔ [133/163] Built Batteries.Data.BinomialHeap (481ms)
✔ [134/163] Built Batteries.Tactic.Instances (803ms)
✔ [135/165] Built Batteries.Tactic.Case (1.8s)
✔ [136/166] Built Batteries.Lean.Meta.Simp (1.3s)
✔ [137/167] Built Batteries.Data.UnionFind (538ms)
✔ [138/168] Built Batteries.Tactic.Lint.TypeClass (592ms)
✔ [139/169] Built Batteries.Tactic.Lemma (1.0s)
✔ [140/170] Built Batteries.Data.RBMap.WF (5.3s)
✔ [141/170] Built Batteries.Tactic.HelpCmd (2.4s)
✔ [142/171] Built Batteries.Tactic.PermuteGoals (697ms)
✔ [143/171] Built Batteries.Tactic.NoMatch (935ms)
✔ [144/172] Built Batteries.Tactic.Lint.Simp (1.5s)
✔ [145/173] Built Batteries.Tactic.PrintOpaques (810ms)
✔ [146/174] Built Batteries.Data.String.Lemmas (5.9s)
✔ [147/175] Built Batteries.Data.RBMap.Depth (737ms)
✔ [148/175] Built Batteries.Tactic.PrintDependents (1.2s)
✔ [149/177] Built Batteries.Tactic.Lint.Frontend (1.9s)
✔ [150/177] Built Batteries.Tactic.ShowUnused (1.0s)
✔ [151/181] Built Batteries.Data.String (732ms)
✔ [152/181] Built Batteries.Util.Cache (598ms)
✔ [153/206] Built Batteries.Util.Pickle (273ms)
✔ [154/295] Built Batteries.Tactic.PrintPrefix (1.5s)
✔ [155/368] Built Batteries.Data.RBMap.Alter (1.7s)
✔ [156/368] Built Batteries.Tactic.Lint (497ms)
✔ [157/368] Built Batteries.Util.ExtendedBinder (822ms)
✔ [158/567] Built Mathlib.Tactic.Linter.DirectoryDependency (888ms)
✔ [162/570] Built Batteries.Tactic.GeneralizeProofs (4.8s)
✔ [166/571] Built ImportGraph.Lean.Environment (297ms)
✔ [167/571] Built ImportGraph.Graph.TransitiveClosure (269ms)
✔ [170/571] Built ImportGraph.Imports.ImportGraph (356ms)
✔ [171/571] Built Batteries.Tactic.Trans (2.3s)
✔ [172/571] Built Batteries.Data.List.Lemmas (9.2s)
✔ [173/571] Built Batteries.Tactic.SqueezeScope (2.6s)
✔ [174/571] Built Aesop.Util.OrderedHashSet (504ms)
✔ [175/571] Built Aesop.Search.Expansion.Simp (628ms)
✔ [176/571] Built Mathlib.Tactic.Linter.Header (1.2s)
✔ [177/571] Built Aesop.Script.Tactic (894ms)
✔ [178/571] Built Aesop.RuleSet.Name (1.4s)
✔ [179/571] Built Aesop.Script.GoalWithMVars (1.1s)
✔ [180/571] Built Aesop.ElabM (1.1s)
✔ [181/571] Built Aesop.Util.Tactic (1.2s)
✔ [182/571] Built Aesop.Exception (1.7s)
✔ [183/571] Built Aesop.Frontend.Basic (1.7s)
✔ [184/571] Built Aesop.Script.OptimizeSyntax (1.7s)
✔ [185/571] Built Aesop.Util.Unfold (1.6s)
✔ [186/571] Built Aesop.Percent (529ms)
✔ [187/571] Built Aesop.Forward.SlotIndex (353ms)
✔ [188/571] Built Aesop.Forward.LevelIndex (403ms)
✔ [189/571] Built Aesop.Nanos (529ms)
✔ [190/571] Built Aesop.Util.UnionFind (738ms)
✔ [191/571] Built Aesop.Forward.PremiseIndex (380ms)
✔ [192/571] Built Aesop.Util.UnorderedArraySet (772ms)
✔ [193/571] Built Aesop.Rule.Name (977ms)
✔ [194/571] Built Aesop.Index.DiscrTreeConfig (974ms)
✔ [195/573] Built Aesop.Check (596ms)
✔ [196/573] Built Aesop.RuleTac.FVarIdSubst (1.2s)
✔ [199/573] Built Qq.SortLocalDecls (663ms)
✔ [200/573] Built ImportGraph.Imports.Redundant (404ms)
✔ [201/573] Built Aesop.Options.Public (1.2s)
✔ [202/573] Built Qq.Typ (1.1s)
✔ [203/573] Built Qq.ForLean.Do (1000ms)
✔ [204/573] Built ImportGraph.Tools.ImportDiff (743ms)
✔ [205/573] Built ImportGraph.Imports.RequiredModules (882ms)
✔ [206/573] Built Qq.ForLean.ToExpr (1.1s)
✔ [207/573] Built Qq.ForLean.ReduceEval (1.3s)
✔ [208/573] Built Batteries.Data.Char.Basic (996ms)
✔ [209/573] Built Mathlib.Lean.Elab.Tactic.Meta (739ms)
✔ [210/573] Built Mathlib.Tactic.TypeStar (768ms)
✔ [211/573] Built Mathlib.Util.ParseCommand (882ms)
✔ [212/573] Built Batteries.Data.List.Scan (1.8s)
✔ [213/573] Built Mathlib.Lean.Environment (601ms)
✔ [214/573] Built Mathlib.Tactic.DeclarationNames (721ms)
✔ [215/573] Built Mathlib.Tactic.Linter.UnusedTacticExtension (776ms)
✔ [216/573] Built Mathlib.Tactic.Linter.TacticDocumentation (604ms)
✔ [217/573] Built Mathlib.Tactic.Linter.OldObtain (721ms)
✔ [218/573] Built Mathlib.Tactic.Linter.PrivateModule (787ms)
✔ [219/573] Built Mathlib.Tactic.Linter.Whitespace (1.8s)
✔ [220/573] Built Batteries.Data.Array.Lemmas (2.5s)
✔ [221/573] Built Batteries.Data.List.Count (2.6s)
✔ [222/573] Built Mathlib.Lean.Expr.Basic (1.7s)
✔ [223/573] Built Mathlib.Tactic.Linter.Multigoal (1.0s)
✔ [224/573] Built Mathlib.Tactic.Linter.EmptyLine (757ms)
✔ [225/573] Built Mathlib.Tactic.Linter.GlobalAttributeIn (737ms)
✔ [226/573] Built Mathlib.Tactic.Linter.HashCommandLinter (932ms)
✔ [227/573] Built Mathlib.Tactic.Lemma (474ms)
✔ [228/573] Built Mathlib.Lean.Linter (491ms)
✔ [229/574] Built Mathlib.Tactic.Linter.DocString (1.3s)
✔ [230/574] Built Aesop.Util.EqualUpToIds (6.0s)
✔ [231/574] Built Mathlib.Tactic.Linter.DeprecatedSyntaxLinter (1.3s)
✔ [232/574] Built Aesop.Constants (291ms)
✔ [233/574] Built Mathlib.Tactic.Linter.DocPrime (1.5s)
✔ [234/574] Built Aesop.RuleTac.RuleTerm (505ms)
✔ [235/574] Built Mathlib.Tactic.Linter.FlexibleLinter (2.3s)
✔ [236/574] Built Aesop.Script.TacticState (1.2s)
✔ [237/574] Built Plausible.Attr (542ms)
✔ [238/574] Built Aesop.RuleTac.ElabRuleTerm (1.4s)
✔ [239/574] Built LeanSearchClient.Basic (337ms)
✔ [240/575] Built Aesop.RuleSet.Filter (977ms)
✔ [241/575] Built Plausible.Random (729ms)
✔ [242/575] Built ImportGraph.Tools.RedundantImports (621ms)
✔ [243/575] Built Batteries.Data.RBMap.Lemmas (5.5s)
✔ [244/575] Built Aesop.Util.Tactic.Unfold (1.9s)
✔ [245/575] Built ImportGraph.Tools.MinImports (714ms)
✔ [246/575] Built Aesop.Options.Internal (1.1s)
✔ [247/575] Built Mathlib.Lean.Elab.InfoTree (553ms)
✔ [248/575] Built Mathlib.Lean.ContextInfo (746ms)
✔ [249/575] Built Mathlib.Tactic.MinImports (1.5s)
✔ [250/575] Built ImportGraph.Tools.FindHome (1.2s)
✔ [251/576] Built Batteries.Data.Char.AsciiCasing (866ms)
✔ [252/576] Built Mathlib.Tactic.Linter.Lint (805ms)
✔ [253/576] Built Mathlib.Tactic.Lift (1.8s)
✔ [254/576] Built Mathlib.Tactic.Linter.UnusedTactic (1.1s)
✔ [255/576] Built Batteries.Data.RBMap (621ms)
✔ [256/576] Built Plausible.Gen (1.1s)
✔ [257/576] Built Aesop.Util.Basic (3.5s)
✔ [258/577] Built Aesop.Options (987ms)
✔ [259/577] Built ImportGraph.Tools (668ms)
✔ [260/577] Built Batteries.Data.Array.Scan (2.0s)
✔ [261/577] Built Mathlib.Tactic.Linter.UnusedInstancesInType (1.2s)
✔ [262/577] Built Batteries.Data.Char (595ms)
✔ [263/577] Built Batteries.Data.List.Perm (2.3s)
✔ [264/579] Built Mathlib.Tactic.Linter.Style (3.0s)
✔ [265/579] Built Mathlib.Tactic.TacticAnalysis (1.4s)
✔ [266/579] Built Plausible.Arbitrary (728ms)
✔ [267/579] Built LeanSearchClient.Syntax (2.5s)
✔ [268/579] Built Mathlib.Tactic.ExtractGoal (1.4s)
✔ [269/581] Built Batteries.Data.List (547ms)
✔ [270/581] Built Batteries.Data.Array (605ms)
✔ [271/616] Built Aesop.Script.Util (1.1s)
✔ [272/616] Built Aesop.RuleTac.Forward.Basic (1.2s)
✔ [273/616] Built Plausible.ArbitraryFueled (374ms)
✔ [274/618] Built Plausible.Sampleable (1.1s)
✔ [275/647] Built Aesop.Forward.Substitution (1.8s)
✔ [276/647] Built Aesop.Script.CtorNames (1.4s)
✔ [278/647] Built Aesop.Tracing (1.6s)
✔ [282/647] Built Mathlib.Tactic.Linter.MinImports (1.0s)
✔ [283/647] Built Batteries.CodeAction.Match (1.3s)
✔ [284/647] Built LeanSearchClient.LoogleSyntax (1.4s)
✔ [286/650] Built Aesop.RulePattern.Cache (878ms)
✔ [287/650] Built LeanSearchClient (453ms)
✔ [288/656] Built Plausible.DeriveArbitrary (2.1s)
✔ [289/671] Built Aesop.Script.Step (1.4s)
✔ [290/671] Built Batteries.CodeAction (530ms)
✔ [291/671] Built Plausible.Testable (1.8s)
✔ [292/671] Built Qq.Macro (6.8s)
✔ [293/671] Built Aesop.Util.Tactic.Ext (1.4s)
✔ [294/671] Built Aesop.EMap (1.4s)
✔ [295/672] Built Mathlib.Tactic.TacticAnalysis.Declarations (2.9s)
✔ [296/673] Built Aesop.Stats.Basic (1.8s)
✔ [297/673] Built Plausible.Functions (703ms)
✔ [298/677] Built Aesop.Script.UScript (995ms)
✔ [299/677] Built Aesop.Script.SScript (1.0s)
✔ [300/677] Built Mathlib.Util.PrintSorries (1.1s)
✔ [301/680] Built Plausible.Tactic (848ms)
✔ [302/734] Built Batteries (869ms)
✔ [303/843] Built Mathlib.Init (908ms)
✔ [304/843] Built Aesop.Stats.File (1.0s)
✔ [305/843] Built Plausible (606ms)
✔ [306/843] Built Aesop.Stats.Extension (1.1s)
✔ [307/843] Built Mathlib.Data.Ineq (570ms)
✔ [308/843] Built Aesop.BaseM (1.1s)
✔ [309/843] Built Aesop.Script.Check (1.3s)
✔ [310/843] Built Mathlib.Tactic.FieldSimp.Attr (710ms)
✔ [311/843] Built Mathlib.Util.PPOptions (721ms)
✔ [312/843] Built Mathlib.Lean.Expr.Rat (781ms)
✔ [313/843] Built Mathlib.Tactic.TryThis (733ms)
✔ [314/843] Built Qq.Delab (2.4s)
✔ [315/843] Built Mathlib.Tactic.Monotonicity.Attr (883ms)
✔ [316/843] Built Mathlib.Data.Option.NAry (1.0s)
✔ [317/843] Built Mathlib.Tactic.HaveI (1.0s)
✔ [318/843] Built Aesop.Script.UScriptToSScript (2.2s)
✔ [319/843] Built Mathlib.Data.Prod.PProd (901ms)
✔ [320/843] Built Mathlib.Logic.OpClass (882ms)
✔ [321/843] Built Mathlib.Data.Bracket (936ms)
✔ [322/843] Built Mathlib.Data.List.TFAE (936ms)
✔ [324/843] Built Mathlib.Lean.GoalsLocation (800ms)
✔ [325/843] Built Mathlib.Lean.Meta.KAbstractPositions (879ms)
✔ [326/843] Built Mathlib.Util.TransImports (996ms)
✔ [327/843] Built Mathlib.Tactic.StacksAttribute (1.3s)
✔ [328/843] Built Mathlib.Tactic.Widget.SelectInsertParamsClass (909ms)
✔ [329/843] Built Mathlib.Util.WhatsNew (1.3s)
✔ [330/843] Built Mathlib.Tactic.UnsetOption (850ms)
✔ [331/843] Built Mathlib.Tactic.TypeCheck (815ms)
✔ [332/843] Built Mathlib.Tactic.Trace (922ms)
✔ [333/843] Built Mathlib.Tactic.SuccessIfFailWithMsg (982ms)
✔ [334/843] Built Mathlib.Tactic.SudoSetOption (1.0s)
✔ [335/843] Built Mathlib.Tactic.SwapVar (1.0s)
✔ [336/843] Built Mathlib.Util.Tactic (732ms)
✔ [337/843] Built Mathlib.Util.CountHeartbeats (2.1s)
✔ [338/843] Built Mathlib.Tactic.SimpIntro (1.1s)
✔ [339/843] Built Mathlib.Tactic.Relation.Rfl (816ms)
✔ [340/843] Built Mathlib.Tactic.Rename (980ms)
✔ [341/843] Built Mathlib.Tactic.Set (1.5s)
✔ [342/843] Built Mathlib.Tactic.RSuffices (1.0s)
✔ [343/843] Built Mathlib.Tactic.NthRewrite (1.1s)
✔ [344/843] Built Mathlib.Tactic.Recover (1.3s)
✔ [345/843] Built Mathlib.Tactic.Linter.UpstreamableDecl (1.2s)
✔ [346/843] Built Mathlib.Tactic.Linter.PPRoundtrip (1.3s)
✔ [347/843] Built Mathlib.Tactic.Observe (1.5s)
✔ [348/843] Built Mathlib.Tactic.Variable (3.1s)
✔ [349/843] Built Mathlib.Tactic.InferParam (969ms)
✔ [350/843] Built Mathlib.Util.TermReduce (1.2s)
✔ [351/843] Built Mathlib.Tactic.Linter.HaveLetLinter (1.3s)
✔ [352/843] Built Mathlib.Tactic.GuardGoalNums (879ms)
✔ [353/843] Built Mathlib.Tactic.GuardHypNums (899ms)
✔ [354/843] Built Mathlib.Tactic.Linter.DeprecatedModule (1.7s)
✔ [355/843] Built Mathlib.Tactic.HigherOrder (1.4s)
✔ [356/843] Built Mathlib.Tactic.FunProp.Mor (1.1s)
✔ [357/843] Built Mathlib.Tactic.ExistsI (802ms)
✔ [358/843] Built Mathlib.Lean.Meta.RefinedDiscrTree.Basic (1.5s)
✔ [359/843] Built Mathlib.Tactic.FunProp.Decl (1.2s)
✔ [360/843] Built Mathlib.Tactic.Find (1.2s)
✔ [361/843] Built Mathlib.Tactic.DSimpPercent (963ms)
✔ [362/843] Built Mathlib.Tactic.FunProp.ToBatteries (1.9s)
✔ [363/843] Built Mathlib.Tactic.FailIfNoProgress (1.7s)
✔ [364/843] Built Mathlib.Tactic.ErwQuestion (1.6s)
✔ [365/843] Built Mathlib.Tactic.Constructor (795ms)
✔ [366/843] Built Mathlib.Lean.MessageData.Trace (963ms)
✔ [367/843] Built Mathlib.Tactic.ClearExcept (785ms)
✔ [368/843] Built Mathlib.Tactic.Clear_ (880ms)
✔ [369/843] Built Mathlib.Tactic.ClearExclamation (774ms)
✔ [370/843] Built Mathlib.Tactic.DeprecateTo (1.5s)
✔ [371/843] Built Mathlib.Tactic.Check (1.1s)
✔ [372/843] Built Mathlib.Tactic.PPWithUniv (984ms)
✔ [373/843] Built Mathlib.Tactic.DefEqTransformations (1.9s)
✔ [374/843] Built Mathlib.Tactic.ApplyWith (1.0s)
✔ [375/843] Built Mathlib.Tactic.ApplyCongr (951ms)
✔ [376/843] Built Mathlib.Lean.Meta.Basic (1.0s)
✔ [377/843] Built Mathlib.Tactic.Coe (1.0s)
✔ [378/843] Built Mathlib.Tactic.CasesM (1.4s)
✔ [379/843] Built Mathlib.Logic.Function.ULift (763ms)
✔ [380/843] Built Mathlib.Util.AtLocation (918ms)
✔ [381/843] Built Mathlib.Data.Ordering.Basic (724ms)
✔ [382/843] Built Mathlib.Tactic.ToExpr (1.1s)
✔ [383/843] Built Mathlib.Tactic.GCongr.ForwardAttr (946ms)
✔ [384/843] Built Mathlib.Data.Option.Defs (918ms)
✔ [385/843] Built Mathlib.Tactic.FastInstance (1.0s)
✔ [386/843] Built Mathlib.Control.Combinators (844ms)
✔ [387/843] Built Mathlib.Util.WithWeakNamespace (846ms)
✔ [388/843] Built Mathlib.Tactic.Substs (824ms)
✔ [389/843] Built Mathlib.Lean.Elab.Term (877ms)
✔ [390/843] Built Mathlib.Tactic.Conv (1.0s)
✔ [391/843] Built Mathlib.Lean.PrettyPrinter.Delaborator (1.1s)
✔ [392/843] Built Mathlib.Tactic.Spread (1.4s)
✔ [393/843] Built Mathlib.Tactic.SimpRw (1.3s)
✔ [394/843] Built Mathlib.Logic.IsEmpty.Defs (942ms)
✔ [395/843] Built Mathlib.Tactic.Inhabit (1.2s)
✔ [396/843] Built Mathlib.Tactic.Core (1.5s)
✔ [397/843] Built Mathlib.Tactic.DepRewrite (5.4s)
✔ [398/843] Built Mathlib.Logic.Nonempty (1.2s)
✔ [399/843] Built Mathlib.Logic.ExistsUnique (1.2s)
✔ [400/843] Built Mathlib.Tactic.Push.Attr (1.7s)
✔ [401/843] Built Mathlib.Tactic.Use (2.3s)
✔ [402/843] Built Mathlib.Util.CompileInductive (2.1s)
✔ [403/843] Built Mathlib.Tactic.ExtendDoc (962ms)
✔ [404/843] Built Mathlib.Tactic.Attr.Register (1.4s)
✔ [405/843] Built Mathlib.Data.Nat.Notation (870ms)
✔ [406/843] Built Mathlib.Tactic.OfNat (814ms)
✔ [407/843] Built Mathlib.Tactic.AdaptationNote (1.3s)
✔ [408/843] Built Mathlib.Lean.Name (908ms)
✔ [409/843] Built Mathlib.Util.AddRelatedDecl (1.5s)
✔ [410/845] Built Mathlib.Data.Nat.BinaryRec (992ms)
✔ [411/845] Built Mathlib.Lean.Meta (1.0s)
✔ [412/845] Built Mathlib.Data.Int.Notation (952ms)
✔ [413/845] Built Mathlib.Tactic.Translate.Attributes (861ms)
✔ [414/845] Built Mathlib.Data.String.Defs (873ms)
✔ [415/845] Built Mathlib.Tactic.Eqns (1.0s)
✔ [416/845] Built Mathlib.Lean.Meta.Simp (1.2s)
✔ [417/845] Built Mathlib.Tactic.Simps.NotationClass (1.2s)
✔ [419/845] Built Mathlib.Tactic.Translate.UnfoldBoundary (2.1s)
✔ [420/845] Built Aesop.Script.ScriptM (1.3s)
✔ [421/845] Built Aesop.Stats.Report (1.4s)
✔ [422/845] Built Qq.MetaM (1.5s)
✔ [423/845] Built Mathlib.Tactic.Linter (616ms)
✔ [424/845] Built Aesop.RuleTac.GoalDiff (1.9s)
✔ [425/845] Built Mathlib.Tactic.RenameBVar (907ms)
✔ [426/845] Built Aesop.RulePattern (2.4s)
✔ [427/845] Built Aesop.Script.StructureStatic (1.4s)
✔ [428/845] Built Mathlib.Tactic.Translate.Reorder (3.5s)
✔ [429/845] Built Mathlib.Lean.Meta.RefinedDiscrTree.Encode (1.4s)
✔ [430/845] Built Mathlib.Tactic.ToLevel (723ms)
✔ [431/845] Built Aesop.Script.StructureDynamic (2.5s)
✔ [432/845] Built Mathlib.Tactic.ApplyAt (952ms)
✔ [433/845] Built Mathlib.Tactic.FunProp.FunctionData (1.6s)
✔ [434/845] Built Mathlib.Lean.Meta.RefinedDiscrTree.Initialize (1.6s)
✔ [435/845] Built Mathlib.Tactic.SplitIfs (1.3s)
✔ [436/845] Built Mathlib.Tactic.Attr.Core (659ms)
✔ [437/845] Built Mathlib.Logic.Nontrivial.Defs (894ms)
✔ [438/845] Built Mathlib.Tactic.DefEqAbuse (2.1s)
✔ [440/845] Built Mathlib.Logic.Function.Defs (950ms)
✔ [441/846] Built Mathlib.Tactic.FBinop (1.9s)
✔ [442/846] Built Mathlib.Data.Rat.Init (834ms)
✔ [443/846] Built Mathlib.Util.DischargerAsTactic (806ms)
✔ [444/846] Built Mathlib.Lean.Meta.CongrTheorems (2.4s)
✔ [445/846] Built Mathlib.Tactic.Basic (1.9s)
✔ [446/846] Built Mathlib.Tactic.ScopedNS (2.8s)
✔ [447/846] Built Mathlib.Logic.Basic (1.8s)
✔ [448/846] Built Mathlib.Data.Int.Init (1.8s)
✔ [449/846] Built Mathlib.Tactic.Translate.GuessName (1.6s)
✔ [450/846] Built Mathlib.Tactic.MkIffOfInductiveProp (2.2s)
✔ [451/846] Built Mathlib.Data.Nat.Init (2.3s)
✔ [452/846] Built Qq.MatchImpl (1.4s)
✔ [453/846] Built Mathlib.Tactic.IrreducibleDef (2.0s)
✔ [456/846] Built Mathlib.Util.Delaborators (6.9s)
✔ [457/846] Built Qq.Simp (1.2s)
✔ [458/846] Built Qq.AssertInstancesCommute (1.9s)
✔ [459/846] Built Aesop.Script.Main (1.2s)
✔ [460/846] Built Mathlib.Logic.Relator (1.1s)
✔ [461/846] Built Mathlib.Lean.Meta.RefinedDiscrTree.Lookup (1.7s)
✔ [462/846] Built Aesop.Script.SpecificTactics (3.0s)
✔ [463/846] Built Mathlib.Data.SProd (897ms)
✔ [464/846] Built Mathlib.Control.Basic (1.2s)
✔ [465/849] Built Aesop.Forward.RuleInfo (2.0s)
✔ [466/849] Built Mathlib.Tactic.FunProp.Types (1.4s)
✔ [469/849] Built Mathlib.Tactic.Subsingleton (1.2s)
✔ [470/849] Built Mathlib.Tactic.Hint (1.7s)
✔ [471/849] Built Mathlib.Lean.Meta.RefinedDiscrTree (878ms)
✔ [472/852] Built Qq.Commands (1.0s)
✔ [477/852] Built Mathlib.Tactic.Simps.Basic (5.9s)
✔ [478/855] Built Mathlib.Tactic.CongrExclamation (3.1s)
✔ [479/859] Built Mathlib.Tactic.Push (3.1s)
✔ [480/859] Built Aesop.Rule.Forward (1.2s)
✔ [481/859] Built Mathlib.Tactic.Widget.SelectPanelUtils (1.2s)
✔ [482/859] Built Mathlib.Tactic.FunProp.Theorems (2.4s)
✔ [483/859] Built Mathlib.Tactic.TermCongr (4.1s)
✔ [484/859] Built Mathlib.Data.List.Monad (834ms)
✔ [485/859] Built Mathlib.Tactic.ToFun (886ms)
✔ [486/859] Built Mathlib.Tactic.ByContra (958ms)
✔ [487/859] Built Mathlib.Tactic.Convert (1.5s)
✔ [488/859] Built Mathlib.Tactic.WLOG (1.3s)
✔ [489/859] Built Mathlib.Tactic.ByCases (882ms)
✔ [490/859] Built Aesop.Forward.Match.Types (1.3s)
✔ [491/859] Built Mathlib.Tactic.Contrapose (1.3s)
✔ [492/876] Built Mathlib.Tactic.Widget.CongrM (855ms)
✔ [493/888] Built Mathlib.Tactic.FunProp.Attr (969ms)
✔ [494/888] Built Mathlib.Tactic.Widget.Calc (1.6s)
✔ [495/890] Built Mathlib.Tactic.CongrM (1.0s)
✔ [496/894] Built Mathlib.Tactic.Widget.InteractiveUnfold (1.6s)
✔ [497/896] Built Aesop.Index.Basic (1.3s)
✔ [498/896] Built Mathlib.Data.PNat.Notation (924ms)
✔ [499/896] Built Mathlib.Lean.Meta.Tactic.Rewrite (711ms)
✔ [500/896] Built Mathlib.Tactic.Linarith.Oracle.SimplexAlgorithm.Datatypes (1.0s)
✔ [501/896] Built Mathlib.Data.Tree.Basic (1.1s)
✔ [502/896] Built Mathlib.Util.ElabWithoutMVars (686ms)
✔ [503/902] Built Mathlib.Tactic.Widget.Conv (2.9s)
✔ [504/906] Built Aesop.Index.Forward (1.2s)
✔ [505/906] Built Qq.Match (7.2s)
✔ [506/911] Built Aesop.RuleTac.Basic (1.3s)
✔ [507/911] Built Aesop.Index.RulePattern (1.5s)
✔ [508/911] Built Mathlib.Tactic.Linarith.Oracle.SimplexAlgorithm.Gauss (943ms)
✔ [509/911] Built Mathlib.Control.ULift (843ms)
✔ [510/911] Built Mathlib.Tactic.Linarith.Oracle.SimplexAlgorithm.SimplexAlgorithm (1.3s)
✔ [511/911] Built Mathlib.Tactic.Translate.Core (8.4s)
✔ [512/915] Built Aesop.Search.Expansion.Basic (1.2s)
✔ [513/915] Built Qq (1.3s)
✔ [514/915] Built Mathlib.Util.Notation3 (9.3s)
✔ [515/915] Built Aesop.RuleTac.Tactic (1.5s)
✔ [516/915] Built Aesop.RuleTac.Preprocess (1.3s)
✔ [517/915] Built Mathlib.Tactic.Says (2.0s)
✔ [518/915] Built Aesop.RuleTac.Descr (1.2s)
✔ [519/915] Built Mathlib.Tactic.Linarith.Oracle.SimplexAlgorithm.PositiveVector (906ms)
✔ [520/950] Built Aesop.RuleTac.Apply (1.6s)
✔ [521/950] Built Aesop.RuleTac.Cases (1.7s)
✔ [522/950] Built Mathlib.Tactic.Widget.LibraryRewrite (3.9s)
✔ [523/957] Built Mathlib.Tactic.Translate.TagUnfoldBoundary (1.4s)
✔ [524/957] Built Mathlib.Tactic.Translate.ToAdditive (1.3s)
✔ [525/957] Built Mathlib.Data.Int.Cast.Pi (686ms)
✔ [526/1019] Built Mathlib.Util.SynthesizeUsing (1.4s)
✔ [527/1026] Built Aesop.Rule.Basic (1.0s)
✔ [528/1033] Built Mathlib.Tactic.Translate.ToDual (1.1s)
✔ [529/1033] Built Mathlib.Util.Qq (1.4s)
✔ [530/1157] Built Mathlib.Util.AtomM (1.8s)
✔ [531/1158] Built Mathlib.Tactic.ToAdditive (840ms)
✔ [532/1245] Built Mathlib.Algebra.Notation (1.1s)
✔ [533/1245] Built Mathlib.Data.Int.DivMod (824ms)
✔ [534/1740] Built Aesop.Rule (1.4s)
✔ [535/1740] Built Mathlib.Tactic.ToDual (1.1s)
✔ [536/1740] Built Mathlib.Tactic.Tauto (2.9s)
✔ [537/1740] Built Mathlib.Logic.Function.CompTypeclasses (789ms)
✔ [538/1740] Built Mathlib.Tactic.Simproc.ExistsAndEq (3.1s)
✔ [539/1740] Built Mathlib.Algebra.Notation.Defs (1.3s)
✔ [540/1740] Built Mathlib.Algebra.Notation.Lemmas (1.0s)
✔ [541/1740] Built Mathlib.Util.AtomM.Recurse (1.9s)
✔ [542/1753] Built Aesop.RuleSet.Member (1.1s)
✔ [543/1753] Built Aesop.Tree.UnsafeQueue (1.2s)
✔ [544/1842] Built Mathlib.Algebra.Regular.Defs (835ms)
✔ [545/1842] Built Mathlib.Algebra.Notation.Pi.Defs (1.2s)
✔ [546/2052] Built Mathlib.Data.Set.Defs (1.5s)
✔ [547/2052] Built Mathlib.Order.Defs.PartialOrder (1.7s)
✔ [548/2052] Built Mathlib.Data.Nat.MaxPowDiv (1.1s)
✔ [549/2052] Built Aesop.Builder.Basic (1.3s)
✔ [550/2055] Built Mathlib.Order.Notation (2.4s)
✔ [551/2055] Built Aesop.Forward.Match (2.9s)
✔ [552/2055] Built Mathlib.Order.Bounds.Defs (848ms)
✔ [553/2055] Built Mathlib.Data.Set.CoeSort (756ms)
✔ [554/2055] Built Mathlib.Tactic.FunProp.Core (6.1s)
✔ [555/2055] Built Mathlib.Control.Functor (1.0s)
✔ [556/2055] Built Mathlib.Tactic.TFAE (4.3s)
✔ [557/2055] Built Mathlib.Tactic.SuppressCompilation (1.6s)
✔ [558/2055] Built Mathlib.Order.Defs.Unbundled (1.3s)
✔ [559/2055] Built Mathlib.Algebra.NeZero (1.0s)
✔ [560/2055] Built Mathlib.Order.Interval.Set.Defs (1.3s)
✔ [561/2056] Built Aesop.Builder.Unfold (1.1s)
✔ [562/2056] Built Aesop.Builder.Apply (1.1s)
✔ [563/2056] Built Aesop.Builder.NormSimp (1.1s)
✔ [564/2056] Built Aesop.Builder.Tactic (1.2s)
✔ [565/2056] Built Mathlib.Order.Defs.LinearOrder (1.7s)
✔ [566/2056] Built Aesop.Builder.Constructors (1.2s)
✔ [567/2056] Built Aesop.Builder.Cases (1.4s)
✔ [568/2056] Built Aesop.Builder.Forward (2.3s)
✔ [569/2056] Built Mathlib.Order.TypeTags (1.6s)
✔ [570/2056] Built Mathlib.Control.Traversable.Basic (1.0s)
✔ [571/2056] Built Aesop.Tree.Data.ForwardRuleMatches (1.5s)
✔ [572/2056] Built Mathlib.Lean.Expr.ExtraRecognizers (819ms)
✔ [573/2062] Built Mathlib.Data.List.Defs (1.8s)
✔ [574/2062] Built Aesop.Index (2.3s)
✔ [575/2062] Built Mathlib.Data.Sigma.Lex (1.3s)
✔ [576/2062] Built Mathlib.Tactic.FunProp.Elab (2.1s)
✔ [577/2062] Built Aesop.RuleTac.Forward (3.4s)
✔ [578/2063] Built Mathlib.Logic.Function.Basic (2.5s)
✔ [579/2063] Built Mathlib.Data.Int.Order.Basic (1.1s)
✔ [580/2063] Built Mathlib.Algebra.Group.Defs (6.4s)
✔ [581/2063] Built Mathlib.Logic.Relation (2.2s)
✔ [582/2063] Built Aesop.Builder.Default (1.3s)
✔ [583/2063] Built Mathlib.Data.Bool.Basic (1.5s)
✔ [584/2063] Built Mathlib.Data.Nat.Bits (1.2s)
✔ [585/2063] Built Mathlib.Data.ENat.Defs (1.6s)
✔ [586/2063] Built Mathlib.Algebra.Notation.Pi.Basic (1.2s)
✔ [587/2063] Built Aesop.RuleTac (1.4s)
✔ [588/2063] Built Mathlib.Logic.Pairwise (841ms)
✔ [589/2063] Built Mathlib.Data.Sigma.Basic (1.3s)
✔ [590/2063] Built Mathlib.Tactic.FunProp (1.5s)
✔ [591/2063] Built Mathlib.Logic.IsEmpty.Basic (978ms)
✔ [592/2063] Built Mathlib.Tactic.Choose (1.9s)
✔ [593/2063] Built Mathlib.Logic.Function.Conjugate (964ms)
✔ [594/2063] Built Mathlib.Algebra.Group.PUnit (976ms)
✔ [595/2063] Built Mathlib.Logic.Unique (1.1s)
✔ [596/2063] Built Mathlib.Data.Subtype (1.2s)
✔ [597/2063] Built Mathlib.Data.Sum.Basic (1.4s)
✔ [598/2063] Built Mathlib.Algebra.Group.Commutator (952ms)
✔ [599/2063] Built Mathlib.Control.Applicative (1.4s)
✔ [600/2063] Built Mathlib.Algebra.BigOperators.Group.List.Defs (1.1s)
✔ [601/2063] Built Mathlib.Algebra.Group.Int.Defs (937ms)
✔ [602/2063] Built Mathlib.Algebra.Group.Nat.Defs (977ms)
✔ [603/2068] Built Mathlib.Tactic.GCongr.Core (5.7s)
✔ [604/2068] Built Mathlib.Data.Nat.Cast.Defs (1.3s)
✔ [605/2068] Built Mathlib.Algebra.Group.Invertible.Defs (1.6s)
✔ [606/2068] Built Mathlib.Algebra.GroupWithZero.Defs (1.5s)
✔ [607/2068] Built Aesop.RuleSet (4.8s)
✔ [608/2068] Built Mathlib.Data.List.Pairwise (1.1s)
✔ [609/2068] Built Mathlib.Algebra.Group.Semiconj.Defs (1.5s)
✔ [610/2068] Built Mathlib.Logic.Function.Iterate (1.2s)
✔ [611/2068] Built Mathlib.Data.FunLike.Basic (1.0s)
✔ [612/2070] Built Aesop.Forward.State (9.4s)
✔ [613/2070] Built Mathlib.Data.Nat.Basic (1.0s)
✔ [614/2070] Built Mathlib.Tactic.GCongr.CoreAttrs (844ms)
✔ [615/2070] Built Mathlib.Data.Quot (2.2s)
✔ [616/2070] Built Mathlib.Data.Nat.Cast.NeZero (842ms)
✔ [617/2070] Built Mathlib.Data.List.Flatten (1.4s)
✔ [618/2070] Built Mathlib.Tactic.GRewrite.Core (1.3s)
✔ [619/2070] Built Mathlib.Algebra.Group.InjSurj (3.5s)
✔ [620/2070] Built Mathlib.Data.Int.Cast.Defs (930ms)
✔ [621/2070] Built Mathlib.Algebra.GroupWithZero.Nat (710ms)
✔ [622/2070] Built Mathlib.Algebra.Group.Pi.Basic (2.6s)
✔ [623/2070] Built Mathlib.Algebra.GroupWithZero.Regular (1.0s)
✔ [624/2070] Built Mathlib.Algebra.GroupWithZero.NeZero (1.1s)
✔ [625/2072] Built Mathlib.Data.FunLike.Embedding (1.1s)
✔ [626/2072] Built Aesop.Frontend.RuleExpr (4.4s)
✔ [627/2072] Built Aesop.Frontend.Extension.Init (1.8s)
✔ [628/2072] Built Mathlib.Algebra.Group.Commute.Defs (1.8s)
✔ [629/2072] Built Mathlib.Data.Prod.Basic (2.0s)
✔ [630/2072] Built Aesop.Forward.State.Initial (1.6s)
✔ [631/2073] Built Mathlib.Data.Int.Basic (1.1s)
✔ [632/2073] Built Aesop.Forward.State.ApplyGoalDiff (1.6s)
✔ [633/2073] Built Mathlib.Data.Nat.Find (1.5s)
✔ [634/2074] Built Mathlib.Algebra.CharZero.Defs (1.1s)
✔ [635/2074] Built Mathlib.Tactic.GCongr (1.8s)
✔ [636/2074] Built Mathlib.Data.Nat.Sqrt (1.9s)
✔ [637/2074] Built Aesop.Tree.Data (3.2s)
✔ [638/2074] Built Mathlib.Tactic.GRewrite.Elab (2.0s)
✔ [639/2075] Built Mathlib.Data.FunLike.Equiv (1.1s)
✔ [640/2076] Built Mathlib.Algebra.GroupWithZero.InjSurj (1.7s)
✔ [641/2076] Built Mathlib.Order.Basic (6.5s)
✔ [642/2076] Built Mathlib.Logic.Nontrivial.Basic (944ms)
✔ [643/2076] Built Aesop.Frontend.Extension (1.8s)
✔ [644/2076] Built Mathlib.Algebra.Notation.Prod (1.7s)
✔ [645/2076] Built Mathlib.Algebra.Ring.Defs (3.2s)
✔ [646/2076] Built Aesop.Tree.Traversal (1.5s)
✔ [647/2076] Built Aesop.Tree.TreeM (1.7s)
✔ [648/2076] Built Aesop.Search.Queue.Class (1.4s)
✔ [649/2076] Built Mathlib.Tactic.GRewrite (733ms)
✔ [650/2076] Built Aesop.Tree.RunMetaM (1.5s)
✔ [651/2076] Built Mathlib.Algebra.Group.Hom.Defs (7.1s)
✔ [652/2076] Built Mathlib.Order.ULift (1.9s)
✔ [653/2076] Built Mathlib.Data.PNat.Defs (1.0s)
✔ [654/2076] Built Mathlib.Algebra.Group.Units.Defs (4.3s)
✔ [655/2076] Built Aesop.Frontend.Attribute (1.8s)
✔ [656/2076] Built Aesop.Frontend.Tactic (2.2s)
✔ [657/2076] Built Mathlib.Tactic.Nontriviality.Core (2.3s)
✔ [658/2076] Built Aesop.Frontend.Command (2.4s)
✔ [659/2076] Built Mathlib.Algebra.Ring.Nat (962ms)
✔ [660/2076] Built Mathlib.Algebra.Ring.Semiconj (982ms)
✔ [661/2076] Built Mathlib.Algebra.Ring.PUnit (873ms)
✔ [662/2076] Built Mathlib.Logic.Equiv.Defs (3.5s)
✔ [663/2076] Built Mathlib.Algebra.Order.ZeroLEOne (1.6s)
✔ [664/2076] Built Mathlib.Algebra.Field.Defs (1.3s)
✔ [665/2076] Built Aesop.Tree.Stats (1.4s)
✔ [666/2076] Built Aesop.Tree.State (1.6s)
✔ [667/2076] Built Aesop.Tree.Free (1.4s)
✔ [668/2076] Built Aesop.Forward.State.UpdateGoal (1.4s)
✔ [669/2076] Built Aesop.Search.SearchM (1.5s)
✔ [670/2076] Built Aesop.Tree.ExtractProof (1.9s)
✔ [671/2076] Built Mathlib.Algebra.Group.Commute.Hom (887ms)
✔ [672/2076] Built Mathlib.Algebra.GroupWithZero.Pi (1.1s)
✔ [673/2076] Built Aesop.Tree.ExtractScript (2.5s)
✔ [674/2076] Built Mathlib.Algebra.Group.Nat.Units (903ms)
✔ [675/2076] Built Mathlib.Algebra.Group.Hom.CompTypeclasses (1.1s)
✔ [676/2076] Built Mathlib.Algebra.Group.Irreducible.Defs (1.1s)
✔ [677/2076] Built Aesop.Tree.Tracing (2.5s)
✔ [678/2076] Built Aesop.BuiltinRules.Split (1.5s)
✔ [679/2076] Built Aesop.BuiltinRules.Rfl (1.3s)
✔ [680/2076] Built Aesop.BuiltinRules.Subst (1.6s)
✔ [681/2076] Built Aesop.Tree.AddRapp (3.8s)
✔ [682/2076] Built Aesop.BuiltinRules.Intros (1.4s)
✔ [683/2076] Built Aesop.BuiltinRules.Ext (1.5s)
✔ [684/2076] Built Aesop.BuiltinRules.DestructProducts (1.6s)
✔ [685/2076] Built Aesop.BuiltinRules.ApplyHyps (1.5s)
✔ [686/2076] Built Mathlib.Tactic.Nontriviality (1.4s)
✔ [687/2076] Built Mathlib.Tactic.Bound.Init (1.4s)
✔ [688/2076] Built Aesop.BuiltinRules.Assumption (1.7s)
✔ [689/2076] Built Mathlib.Data.PNat.Equiv (1.5s)
✔ [690/2076] Built Mathlib.Data.Finite.Defs (991ms)
✔ [691/2081] Built Aesop.Saturate (9.7s)
✔ [692/2081] Built Mathlib.Control.Monad.Basic (818ms)
✔ [693/2083] Built Mathlib.Logic.Small.Defs (985ms)
✔ [694/2083] Built Mathlib.Algebra.Opposites (1.9s)
✔ [695/2083] Built Mathlib.Control.EquivFunctor (1.1s)
✔ [696/2084] Built Mathlib.Order.Lex (1.8s)
✔ [697/2084] Built Mathlib.Data.Countable.Defs (921ms)
✔ [698/2084] Built Aesop.Search.RuleSelection (1.7s)
✔ [699/2084] Built Aesop.BuiltinRules (1.5s)
✔ [700/2089] Built Mathlib.Tactic.ProxyType (2.9s)
✔ [701/2098] Built Aesop.Tree.Check (2.2s)
✔ [702/2098] Built Mathlib.Order.OrderDual (2.3s)
✔ [703/2098] Built Mathlib.Algebra.Group.Equiv.Defs (3.7s)
✔ [704/2098] Built Mathlib.Logic.UnivLE (795ms)
✔ [705/2098] Built Mathlib.Algebra.Regular.Opposite (1.0s)
✔ [706/2098] Built Aesop.Frontend.Saturate (1.9s)
✔ [707/2101] Built Mathlib.Data.Opposite (937ms)
✔ [708/2101] Built Mathlib.Tactic.CategoryTheory.CategoryStar (711ms)
✔ [709/2101] Built Aesop.Tree (1.2s)
✔ [710/2101] Built Mathlib.Algebra.Group.Pi.Units (967ms)
✔ [711/2101] Built Mathlib.Algebra.Group.Action.Defs (3.0s)
✔ [712/2101] Built Mathlib.Order.Compare (1.9s)
✔ [713/2101] Built Mathlib.Algebra.Group.ULift (1.9s)
✔ [714/2103] Built Aesop.Frontend (1.6s)
✔ [715/2103] Built Mathlib.Order.RelClasses (2.8s)
✔ [716/2105] Built Mathlib.Combinatorics.Quiver.Basic (1.3s)
✔ [717/2105] Built Mathlib.Order.Max (2.6s)
✔ [718/2108] Built Mathlib.Algebra.AddTorsor.Defs (1.1s)
✔ [719/2108] Built Mathlib.Algebra.GroupWithZero.ULift (1.0s)
✔ [720/2114] Built Mathlib.Algebra.Group.Action.Faithful (1.3s)
✔ [721/2114] Built Aesop.Search.Expansion.Norm (4.1s)
✔ [722/2114] Built Aesop.Search.Queue (1.7s)
✔ [723/2193] Built Mathlib.Data.Finset.Attr (1.4s)
✔ [724/2193] Built Mathlib.Algebra.Order.Group.Synonym (4.3s)
✔ [725/2193] Built Mathlib.Tactic.SetLike (1.4s)
✔ [726/2193] Built Mathlib.Tactic.Finiteness.Attr (1.3s)
✔ [727/2196] Built Mathlib.CategoryTheory.ConcreteCategory.Bundled (665ms)
✔ [728/2202] Built Mathlib.Combinatorics.Quiver.Prefunctor (1.2s)
✔ [729/2279] Built Mathlib.Algebra.EuclideanDomain.Defs (1.9s)
✔ [730/2281] Built Mathlib.Logic.Lemmas (1.6s)
✔ [731/2339] Built Mathlib.Algebra.Group.Ext (1.5s)
✔ [732/2409] Built Mathlib.Combinatorics.Quiver.Push (1.1s)
✔ [733/2459] Built Mathlib.Algebra.Order.Group.Action.Synonym (1.8s)
✔ [734/2696] Built Mathlib.Algebra.Order.GroupWithZero.Synonym (1.8s)
✔ [735/3166] Built Mathlib.RingTheory.LocalRing.Defs (786ms)
✔ [736/3166] Built Mathlib.Tactic.CategoryTheory.Coherence.Datatypes (1.5s)
✔ [737/3166] Built Mathlib.Algebra.Homology.ComplexShape (1.1s)
✔ [738/3166] Built Aesop.Search.Expansion (3.3s)
✔ [739/3180] Built Mathlib.Algebra.PEmptyInstances (891ms)
✔ [740/3201] Built Mathlib.Data.Matrix.DMatrix (1.2s)
✔ [741/3203] Built Mathlib.Order.BoundedOrder.Basic (3.1s)
✔ [742/3232] Built Mathlib.Algebra.Order.Ring.Synonym (3.3s)
✔ [743/3232] Built Mathlib.Data.Stream.Defs (1.3s)
✔ [744/3234] Built Mathlib.Combinatorics.Quiver.Path (2.4s)
✔ [745/3235] Built Mathlib.Tactic.Monotonicity.Basic (1.0s)
✔ [746/3236] Built Mathlib.Algebra.Expr (1.3s)
✔ [747/3236] Built Mathlib.Algebra.Group.MinimalAxioms (894ms)
✔ [748/3262] Built Mathlib.Algebra.Group.Action.Option (1.0s)
✔ [749/3264] Built Aesop.Search.ExpandSafePrefix (2.0s)
✔ [750/3275] Built Mathlib.Order.Nat (1.6s)
✔ [751/3277] Built Mathlib.Combinatorics.Quiver.Cast (1.5s)
✔ [752/3293] Built Mathlib.Algebra.GroupWithZero.Action.Faithful (876ms)
✔ [753/3349] Built Mathlib.Algebra.Group.Action.Sigma (1.2s)
✔ [754/3349] Built Mathlib.Algebra.Group.Action.Sum (1.1s)
✔ [755/3646] Built Mathlib.Algebra.HierarchyDesign (744ms)
✔ [756/3878] Built Mathlib.Combinatorics.Quiver.Symmetric (2.0s)
✔ [757/3921] Built Mathlib.Algebra.Homology.HasNoLoop (998ms)
✔ [758/3921] Built Mathlib.Algebra.Homology.SpectralSequence.ComplexShape (1.0s)
✔ [759/4004] Built Mathlib.GroupTheory.GroupAction.IterateAct (1.1s)
✔ [760/4004] Built Mathlib.Data.Nat.NthRoot.Defs (851ms)
✔ [761/4233] Built Mathlib.Util.Superscript (2.2s)
✔ [762/4258] Built Mathlib.LinearAlgebra.AffineSpace.Defs (903ms)
✔ [763/4327] Built Mathlib.Combinatorics.Quiver.SingleObj (1.8s)
✔ [764/4351] Built Mathlib.Data.List.GetD (883ms)
✔ [765/4686] Built Mathlib.Algebra.Order.Field.Defs (1.5s)
✔ [766/4768] Built Mathlib.Logic.Equiv.Prod (15s)
✔ [767/4768] Built Mathlib.Logic.Function.Coequalizer (604ms)
✔ [768/5006] Built Mathlib.Algebra.Order.Sum (1.4s)
✔ [769/5180] Built Mathlib.Tactic.CategoryTheory.Coherence.Normalize (6.2s)
✔ [770/5180] Built Mathlib.Algebra.Order.Group.Equiv (1.7s)
✔ [771/5677] Built Mathlib.Algebra.Ring.Ext (1.8s)
✔ [772/5993] Built Mathlib.Analysis.CStarAlgebra.ContinuousFunctionalCalculus.Note (654ms)
✔ [773/6396] Built Mathlib.Order.SetIsMax (1.2s)
✔ [774/6577] Built Aesop.Search.Main (5.3s)
✔ [775/6586] Built Mathlib.Logic.Equiv.Sum (1.7s)
✔ [776/6586] Built Mathlib.Data.TwoPointing (942ms)
✔ [777/6593] Built Mathlib.GroupTheory.EckmannHilton (968ms)
✔ [778/6594] Built Mathlib.Data.Nat.Size (961ms)
✔ [779/6596] Built Mathlib.Tactic.CategoryTheory.Coherence.PureCoherence (8.1s)
✔ [780/6600] Built Mathlib.Control.Traversable.Lemmas (1.3s)
✔ [781/6600] Built Mathlib.Control.Lawful (876ms)
✔ [782/6625] Built Mathlib.Data.List.Triplewise (2.2s)
✔ [783/6625] Built Mathlib.Data.Num.Basic (1.5s)
✔ [784/6625] Built Mathlib.Data.Array.Defs (781ms)
✔ [785/6652] Built Mathlib.Combinatorics.Quiver.Subquiver (1.8s)
✔ [786/6652] Built Mathlib.Data.Array.Extract (774ms)
✔ [787/6652] Built Mathlib.Data.Bool.AllAny (774ms)
✔ [788/6658] Built Mathlib.Control.Monad.Writer (1.4s)
✔ [789/6677] Built Mathlib.Data.Char (897ms)
✔ [790/6686] Built Mathlib.Data.Erased (1.1s)
✔ [791/6743] Built Mathlib.Data.List.Lookmap (1.1s)
✔ [792/6748] Built Aesop.Main (2.4s)
✔ [793/6748] Built Mathlib.Control.Traversable.Equiv (1.3s)
✔ [794/6748] Built Mathlib.Data.List.Indexes (978ms)
✔ [795/6748] Built Mathlib.Data.List.ModifyLast (996ms)
✔ [796/6760] Built Mathlib.Data.Ordering.Lemmas (1.1s)
✔ [797/6760] Built Mathlib.Data.String.Lemmas (1.0s)
✔ [798/6760] Built Mathlib.Data.Tree.Get (981ms)
✔ [799/6871] Built Mathlib.Control.Monad.Cont (1.8s)
✔ [800/6871] Built Mathlib.Data.List.TakeWhile (2.2s)
✔ [801/6871] Built Mathlib.Data.Tree.RBMap (1.0s)
✔ [802/7083] Built Mathlib.Combinatorics.Quiver.ConnectedComponent (2.2s)
✔ [803/7083] Built Mathlib.Data.Nat.Cast.Synonym (1.6s)
✔ [804/7084] Built Aesop (1.4s)
✔ [805/7085] Built Mathlib.Deprecated.Aliases (651ms)
✔ [806/7085] Built Mathlib.Deprecated.Sort (723ms)
✔ [807/7085] Built Mathlib.Data.Tree.Traversable (965ms)
✔ [808/7085] Built Mathlib.Lean.Elab.Tactic.Basic (868ms)
✔ [809/7085] Built Mathlib.Lean.CoreM (984ms)
✔ [810/7085] Built Mathlib.Lean.EnvExtension (985ms)
✔ [811/7085] Built Mathlib.Lean.Exception (1.0s)
✔ [812/7085] Built Mathlib.Lean.Expr (992ms)
✔ [813/7085] Built Mathlib.Combinatorics.SimpleGraph.Init (1.6s)
✔ [814/7085] Built Mathlib.Data.Set.Operations (3.1s)
✔ [815/7085] Built Mathlib.Tactic.ArithMult.Init (1.6s)
✔ [816/7085] Built Mathlib.Tactic.Measurability.Init (1.6s)
✔ [817/7086] Built Mathlib.Combinatorics.Matroid.Init (1.5s)
✔ [818/7087] Built Mathlib.Tactic.Continuity.Init (1.4s)
✔ [819/7087] Built Mathlib.Data.Sym.Sym2.Init (1.4s)
✔ [820/7087] Built Mathlib.CategoryTheory.Category.Init (1.5s)
✔ [821/7087] Built Mathlib.Topology.Sheaves.Init (1.6s)
✔ [822/7087] Built Mathlib.Util.MemoFix (829ms)
✔ [823/7087] Built Mathlib.Data.Option.Basic (2.1s)
✔ [824/7087] Built Mathlib.Tactic.ContinuousFunctionalCalculus (1.8s)
✔ [825/7088] Built Mathlib.Data.Set.Opposite (1.5s)
✔ [826/7088] Built Mathlib.Data.Set.Notation (1.8s)
✔ [827/7089] Built Mathlib.Tactic.Common (2.2s)
✔ [828/7089] Built Mathlib.Tactic.Bound.Attribute (2.4s)
✔ [829/7089] Built Mathlib.Tactic.ArithMult (1.7s)
✔ [830/7090] Built Mathlib.Lean.FoldEnvironment (1.1s)
✔ [831/7090] Built Mathlib.Tactic.Measurability (1.8s)
✔ [832/7090] Built Mathlib.Lean.Json (860ms)
✔ [833/7090] Built Mathlib.Lean.Expr.ReplaceRec (955ms)
✔ [834/7090] Built Mathlib.Lean.LocalContext (902ms)
✔ [835/7090] Built Mathlib.Order.Monotone.Defs (3.3s)
✔ [836/7090] Built Mathlib.Tactic.Continuity (1.9s)
✔ [837/7090] Built Mathlib.Logic.Equiv.Option (2.5s)
✔ [838/7090] Built Mathlib.CategoryTheory.Bicategory.Functor.Strict (1.9s)
✔ [839/7090] Built Mathlib.CategoryTheory.Category.Grpd (1.9s)
✔ [840/7090] Built Mathlib.Algebra.Group.WithOne.Defs (2.6s)
✔ [841/7090] Built Mathlib.CategoryTheory.Closed.Cartesian (1.0s)
✔ [842/7090] Built Mathlib.CategoryTheory.Closed.Enrichment (2.1s)
✔ [843/7090] Built Mathlib.CategoryTheory.Closed.Functor (2.0s)
✔ [844/7090] Built Mathlib.Order.SetNotation (5.6s)
✔ [845/7090] Built Mathlib.CategoryTheory.Category.Basic (3.6s)
✔ [846/7090] Built Mathlib.CategoryTheory.Closed.FunctorCategory.Basic (1.9s)
✔ [847/7090] Built Mathlib.CategoryTheory.Closed.FunctorCategory.Complete (1.8s)
✔ [848/7090] Built Mathlib.CategoryTheory.Closed.FunctorCategory.Groupoid (1.7s)
✔ [849/7090] Built Mathlib.CategoryTheory.Closed.FunctorToTypes (1.8s)
✔ [850/7090] Built Mathlib.CategoryTheory.Closed.Ideal (1.6s)
✔ [851/7090] Built Mathlib.CategoryTheory.Closed.Monoidal (1.7s)
✔ [852/7090] Built Mathlib.CategoryTheory.Closed.Types (1.7s)
✔ [853/7090] Built Mathlib.CategoryTheory.Closed.Zero (1.7s)
✔ [854/7090] Built Mathlib.Algebra.Group.Basic (7.9s)
✔ [855/7090] Built Mathlib.CategoryTheory.ConcreteCategory.BundledHom (1.7s)
✔ [856/7090] Built Mathlib.CategoryTheory.ConcreteCategory.UnbundledHom (1.7s)
✔ [857/7090] Built Mathlib.CategoryTheory.EffectiveEpi.RegularEpi (1.8s)
✔ [858/7090] Built Mathlib.CategoryTheory.Limits.Shapes.Pullback.CommSq (1.8s)
✔ [859/7090] Built Mathlib.CategoryTheory.Limits.Types.Shapes (1.8s)
✔ [860/7090] Built Mathlib.CategoryTheory.Subpresheaf.Basic (2.0s)
✔ [861/7090] Built Mathlib.CategoryTheory.Subpresheaf.Equalizer (1.8s)
✔ [862/7090] Built Mathlib.CategoryTheory.Subpresheaf.Finite (1.9s)
✔ [863/7090] Built Mathlib.CategoryTheory.Subpresheaf.Image (2.0s)
✔ [864/7090] Built Mathlib.CategoryTheory.Subpresheaf.OfSection (1.9s)
✔ [865/7090] Built Mathlib.CategoryTheory.Subpresheaf.Sieves (2.1s)
✔ [866/7090] Built Mathlib.CategoryTheory.Subpresheaf.Subobject (2.1s)
✔ [867/7090] Built Mathlib.Data.Nat.Choose.Mul (2.0s)
✔ [868/7090] Built Mathlib.Data.Matrix.Auto (2.2s)
✔ [869/7090] Built Mathlib.Data.List.InsertNth (1.0s)
✔ [870/7090] Built Mathlib.Data.List.Map2 (2.3s)
✔ [871/7090] Built Mathlib.Data.List.ChainOfFn (2.1s)
✔ [872/7090] Built Mathlib.Algebra.NoZeroSMulDivisors.Prod (1.9s)
✔ [873/7090] Built Mathlib.Algebra.ModEq (2.1s)
✔ [874/7090] Built Mathlib.Combinatorics.Quiver.Covering (2.6s)
✔ [875/7090] Built Mathlib.Algebra.GroupWithZero.Int (1.0s)
✔ [876/7090] Built Mathlib.Control.Bifunctor (2.4s)
✔ [877/7090] Built Mathlib.Algebra.Field.IsField (2.5s)
✔ [878/7090] Built Mathlib.Data.Int.Sqrt (2.3s)
✔ [879/7090] Built Mathlib.Data.Rat.Defs (2.8s)
✔ [880/7090] Built Mathlib.Data.Stream.Init (3.6s)
✔ [881/7091] Built Mathlib.Data.List.ProdSigma (2.6s)
✔ [882/7091] Built Mathlib.Lean.MessageData.ForExprs (1.1s)
✔ [883/7092] Built Mathlib.Algebra.Quotient (2.5s)
✔ [884/7092] Built Mathlib.Data.Nat.Factorial.Basic (4.1s)
✔ [885/7092] Built Mathlib.Data.List.TakeDrop (3.7s)
✔ [886/7092] Built Mathlib.Lean.Meta.DiscrTree (950ms)
✔ [887/7092] Built Mathlib.Data.Vector.Defs (3.4s)
✔ [888/7092] Built Mathlib.Data.List.Count (2.6s)
✔ [889/7092] Built Mathlib.Data.List.InsertIdx (2.9s)
✔ [890/7092] Built Mathlib.Data.List.Induction (3.9s)
✔ [891/7092] Built Mathlib.Topology.Defs.Basic (2.3s)
✔ [892/7092] Built Mathlib.Algebra.Group.WithOne.Map (2.6s)
✔ [893/7092] Built Mathlib.CategoryTheory.Category.KleisliCat (2.5s)
✔ [894/7092] Built Mathlib.Tactic.CategoryTheory.Coherence.Basic (2.9s)
✔ [895/7092] Built Mathlib.Order.Monotone.Basic (3.5s)
✔ [896/7092] Built Mathlib.Tactic.CategoryTheory.Slice (2.8s)
✔ [897/7092] Built Mathlib.Data.Nat.PSub (2.0s)
✔ [898/7092] Built Mathlib.CategoryTheory.Functor.Basic (2.0s)
✔ [899/7092] Built Mathlib.Algebra.Ring.MinimalAxioms (1.0s)
✔ [900/7092] Built Mathlib.Tactic.MoveAdd (2.6s)
✔ [901/7092] Built Mathlib.Algebra.Ring.Regular (1.9s)
✔ [902/7092] Built Mathlib.Data.Int.Cast.Basic (1.8s)
✔ [903/7092] Built Mathlib.Logic.Equiv.Basic (5.9s)
✔ [904/7092] Built Mathlib.Algebra.Group.Action.Units (2.5s)
✔ [905/7092] Built Mathlib.Algebra.Group.Semiconj.Basic (1.8s)
✔ [906/7092] Built Mathlib.Algebra.Group.WithOne.Basic (2.8s)
✔ [907/7092] Built Mathlib.Algebra.Group.Int.Units (1.0s)
✔ [908/7092] Built Mathlib.Algebra.Group.Idempotent (1.8s)
✔ [909/7092] Built Mathlib.Algebra.Regular.Basic (2.1s)
✔ [910/7092] Built Mathlib.Algebra.Order.Monoid.Unbundled.Defs (2.4s)
✔ [911/7092] Built Mathlib.Algebra.Group.Torsion (2.1s)
✔ [912/7094] Built Mathlib.Algebra.Divisibility.Basic (2.4s)
✔ [913/7094] Built Mathlib.Algebra.Free (5.6s)
✔ [914/7094] Built Mathlib.Algebra.GroupWithZero.Basic (2.9s)
✔ [915/7094] Built Mathlib.Lean.Thunk (844ms)
✔ [916/7094] Built Mathlib.Control.Bitraversable.Basic (2.3s)
✔ [917/7094] Built Mathlib.Logic.Equiv.Functor (2.2s)
✔ [918/7094] Built Mathlib.Data.List.Basic (13s)
✔ [919/7094] Built Mathlib.Algebra.Group.Hom.Basic (3.7s)
✔ [920/7094] Built Mathlib.Data.List.Palindrome (1.9s)
✔ [921/7094] Built Mathlib.Algebra.Group.Units.Basic (4.6s)
✔ [922/7094] Built Mathlib.Topology.ContinuousMap.Defs (2.1s)
✔ [923/7094] Built Mathlib.Order.Iterate (2.5s)
✔ [924/7094] Built Mathlib.Data.Nat.Choose.Basic (3.4s)
✔ [925/7094] Built Mathlib.Order.BoundedOrder.Monotone (2.3s)
✔ [926/7094] Built Mathlib.Data.Seq.Computation (3.0s)
✔ [927/7094] Built Mathlib.Order.GaloisConnection.Defs (3.1s)
✔ [928/7094] Built Mathlib.CategoryTheory.Functor.Functorial (2.4s)
✔ [929/7094] Built Mathlib.Algebra.Field.MinimalAxioms (1.9s)
✔ [930/7094] Built Mathlib.Data.Nat.Log (3.4s)
✔ [931/7094] Built Mathlib.Tactic.CategoryTheory.Reassoc (2.6s)
✔ [932/7094] Built Mathlib.Algebra.Ring.GrindInstances (2.2s)
✔ [933/7094] Built Mathlib.Algebra.Ring.Int.Defs (2.3s)
✔ [934/7094] Built Mathlib.Data.Ordmap.Ordnode (4.1s)
✔ [935/7094] Built Mathlib.Tactic.Zify (2.4s)
✔ [936/7094] Built Mathlib.Algebra.GroupWithZero.Idempotent (1.6s)
✔ [937/7095] Built Mathlib.Data.ULift (1.0s)
✔ [938/7096] Built Mathlib.Order.Lattice (6.1s)
✔ [939/7096] Built Mathlib.Algebra.Group.Commute.Basic (2.3s)
✔ [940/7096] Built Mathlib.Logic.Embedding.Basic (2.9s)
✔ [941/7096] Built Mathlib.Algebra.Order.Monoid.Unbundled.OrderDual (2.0s)
✔ [942/7096] Built Mathlib.Algebra.Order.GroupWithZero.Unbundled.Defs (2.0s)
✔ [943/7096] Built Mathlib.Algebra.Group.ModEq (2.7s)
✔ [944/7096] Built Mathlib.Algebra.Divisibility.Hom (2.1s)
✔ [945/7096] Built Mathlib.Algebra.Group.Opposite (3.4s)
✔ [946/7096] Built Mathlib.Algebra.Ring.InjSurj (6.3s)
✔ [947/7096] Built Mathlib.Control.ULiftable (2.3s)
✔ [948/7096] Built Mathlib.Control.Bitraversable.Lemmas (2.4s)
✔ [949/7096] Built Mathlib.Data.List.DropRight (2.3s)
✔ [950/7096] Built Mathlib.Algebra.Group.TypeTags.Basic (3.8s)
✔ [951/7096] Built Mathlib.Data.List.Infix (2.0s)
✔ [952/7096] Built Mathlib.Data.List.SplitOn (2.3s)
✔ [953/7096] Built Mathlib.Data.List.ReduceOption (2.3s)
✔ [954/7096] Built Mathlib.Data.List.Enum (2.1s)
✔ [955/7096] Built Mathlib.Data.List.Lex (2.6s)
✔ [956/7096] Built Mathlib.Data.List.Forall2 (2.7s)
✔ [957/7096] Built Mathlib.Data.List.Lattice (3.2s)
✔ [958/7096] Built Mathlib.Algebra.Group.Equiv.Basic (3.4s)
✔ [959/7096] Built Mathlib.Algebra.Group.Semiconj.Units (2.2s)
✔ [960/7096] Built Mathlib.Algebra.FreeMonoid.Basic (5.1s)
✔ [961/7096] Built Mathlib.Algebra.GroupWithZero.Hom (3.3s)
✔ [962/7096] Built Mathlib.Algebra.Divisibility.Units (2.7s)
✔ [963/7097] Built Mathlib.Algebra.Group.Units.Hom (3.6s)
✔ [964/7097] Built Mathlib.Algebra.Group.Hom.Instances (4.5s)
✔ [965/7097] Built Mathlib.Data.Seq.Defs (3.1s)
✔ [966/7097] Built Mathlib.Data.Int.Cast.Field (1.0s)
✔ [967/7097] Built Mathlib.Algebra.GroupWithZero.Units.Basic (3.7s)
✔ [968/7097] Built Mathlib.CategoryTheory.NatTrans (2.7s)
✔ [969/7097] Built Mathlib.Algebra.Ring.Idempotent (2.7s)
✔ [970/7097] Built Mathlib.SetTheory.Cardinal.Defs (2.7s)
✔ [971/7097] Built Mathlib.Algebra.Homology.Embedding.Basic (3.1s)
✔ [972/7097] Built Mathlib.Order.Monotone.Monovary (2.6s)
✔ [973/7097] Built Mathlib.CategoryTheory.Iso (5.2s)
✔ [974/7097] Built Mathlib.Order.BoundedOrder.Lattice (2.3s)
✔ [975/7097] Built Mathlib.Data.PSigma.Order (2.8s)
✔ [976/7097] Built Mathlib.Data.Sigma.Order (2.9s)
✔ [977/7097] Built Mathlib.Algebra.Group.Embedding (1.9s)
✔ [978/7097] Built Mathlib.Order.MinMax (2.0s)
✔ [979/7097] Built Mathlib.Data.Prod.Lex (3.5s)
✔ [980/7097] Built Mathlib.Data.Fin.Basic (3.6s)
✔ [981/7097] Built Mathlib.Algebra.Group.Units.Opposite (2.3s)
✔ [982/7097] Built Mathlib.Algebra.GroupWithZero.Opposite (2.3s)
✔ [983/7097] Built Mathlib.Algebra.Group.Action.Opposite (2.9s)
✔ [984/7097] Built Mathlib.Algebra.Group.Nat.TypeTags (1.8s)
✔ [985/7097] Built Mathlib.Control.Bitraversable.Instances (2.4s)
✔ [986/7097] Built Mathlib.Tactic.Order.CollectFacts (6.0s)
✔ [987/7097] Built Mathlib.Algebra.Group.Int.TypeTags (1.9s)
✔ [988/7097] Built Mathlib.Algebra.Group.TypeTags.Hom (2.7s)
✔ [989/7097] Built Mathlib.Algebra.Group.Action.TypeTags (1.9s)
✔ [990/7097] Built Mathlib.Order.RelIso.Basic (4.6s)
✔ [991/7097] Built Mathlib.Data.List.Sections (2.1s)
✔ [992/7097] Built Mathlib.Data.List.Perm.Basic (2.7s)
✔ [993/7097] Built Mathlib.Data.List.Zip (2.2s)
✔ [994/7097] Built Mathlib.Data.List.Intervals (2.8s)
✔ [995/7097] Built Mathlib.Algebra.Ring.Divisibility.Basic (3.2s)
✔ [996/7097] Built Mathlib.Algebra.FreeMonoid.Count (3.0s)
✔ [997/7097] Built Mathlib.Algebra.Group.Commute.Units (3.2s)
✔ [998/7097] Built Mathlib.Data.List.Nodup (4.1s)
✔ [999/7097] Built Mathlib.Algebra.Group.Equiv.Opposite (4.1s)
✔ [1000/7097] Built Mathlib.Algebra.GroupWithZero.Equiv (2.6s)
✔ [1001/7097] Built Mathlib.Data.Int.NatAbs (2.8s)
✔ [1002/7097] Built Mathlib.Data.List.Chain (4.9s)
✔ [1003/7097] Built Mathlib.Algebra.Ring.Hom.InjSurj (2.1s)
✔ [1004/7097] Built Mathlib.Order.WithBot (13s)
✔ [1005/7097] Built Mathlib.Algebra.Group.Hom.End (1.0s)
✔ [1006/7097] Built Mathlib.Algebra.Group.Units.Equiv (3.0s)
✔ [1007/7097] Built Mathlib.Algebra.Ring.Basic (2.8s)
✔ [1008/7097] Built Mathlib.Algebra.GroupWithZero.Semiconj (2.1s)
✔ [1009/7097] Built Mathlib.Algebra.ContinuedFractions.Basic (2.6s)
✔ [1010/7097] Built Mathlib.Algebra.GroupWithZero.Divisibility (2.6s)
✔ [1011/7097] Built Mathlib.Algebra.EuclideanDomain.Field (2.9s)
✔ [1012/7097] Built Mathlib.CategoryTheory.ObjectProperty.Basic (2.4s)
✔ [1013/7097] Built Mathlib.Tactic.CategoryTheory.CancelIso (2.5s)
✔ [1014/7097] Built Mathlib.Tactic.CategoryTheory.IsoReassoc (2.2s)
✔ [1015/7097] Built Mathlib.Data.List.SplitLengths (2.1s)
✔ [1016/7097] Built Mathlib.CategoryTheory.HomCongr (2.9s)
✔ [1017/7097] Built Mathlib.Algebra.Group.Prod (6.4s)
✔ [1018/7097] Built Mathlib.Order.Disjoint (3.8s)
✔ [1019/7097] Built Mathlib.Algebra.GroupWithZero.Action.Defs (3.5s)
✔ [1020/7097] Built Mathlib.CategoryTheory.Functor.Category (6.1s)
✔ [1021/7098] Built Mathlib.Tactic.Order.Graph.Basic (2.5s)
✔ [1022/7098] Built Mathlib.Tactic.Order.Preprocessing (2.9s)
✔ [1023/7098] Built Mathlib.Tactic.Order.ToInt (3.2s)
✔ [1024/7098] Built Mathlib.Algebra.Group.Nat.Hom (2.4s)
✔ [1025/7098] Built Mathlib.Algebra.Group.Action.Pretransitive (2.4s)
✔ [1026/7098] Built Mathlib.Algebra.Order.Group.End (2.2s)
✔ [1027/7098] Built Mathlib.Data.List.Perm.Subperm (2.3s)
✔ [1028/7098] Built Mathlib.Algebra.Group.Invertible.Basic (2.4s)
✔ [1029/7098] Built Mathlib.Algebra.Group.Equiv.TypeTags (3.8s)
✔ [1030/7098] Built Mathlib.Algebra.Order.Monoid.Unbundled.Basic (7.3s)
✔ [1031/7098] Built Mathlib.Data.List.NatAntidiagonal (2.6s)
✔ [1032/7098] Built Mathlib.Data.List.Perm.Lattice (3.1s)
✔ [1033/7098] Built Mathlib.Data.List.OffDiag (3.8s)
✔ [1034/7098] Built Mathlib.Data.List.Rotate (3.5s)
✔ [1035/7098] Built Mathlib.Algebra.BigOperators.Group.List.Basic (5.5s)
✔ [1036/7098] Built Mathlib.Data.List.Duplicate (2.0s)
✔ [1037/7098] Built Mathlib.Data.List.Dedup (2.9s)
✔ [1038/7098] Built Mathlib.Data.List.Sigma (4.8s)
✔ [1039/7098] Built Mathlib.Data.List.Range (2.8s)
✔ [1040/7098] Built Mathlib.Algebra.Group.Even (3.8s)
✔ [1041/7098] Built Mathlib.Data.List.SplitBy (3.5s)
✔ [1042/7098] Built Mathlib.Order.WithBotTop (2.3s)
✔ [1043/7098] Built Mathlib.Algebra.GroupWithZero.Units.Equiv (2.3s)
✔ [1044/7098] Built Mathlib.Algebra.Field.Equiv (2.5s)
✔ [1045/7100] Built Mathlib.Algebra.Ring.Rat (2.8s)
✔ [1046/7100] Built Mathlib.Data.List.MinMax (4.1s)
✔ [1047/7100] Built Mathlib.Algebra.GroupWithZero.WithZero (5.6s)
✔ [1048/7100] Built Mathlib.Algebra.GroupWithZero.Commute (2.4s)
✔ [1049/7100] Built Mathlib.Data.Int.GCD (3.5s)
✔ [1050/7100] Built Mathlib.Algebra.Prime.Defs (2.7s)
✔ [1051/7100] Built Mathlib.Algebra.Ring.Hom.Defs (5.0s)
✔ [1052/7100] Built Mathlib.CategoryTheory.ObjectProperty.ClosedUnderIsomorphisms (2.7s)
✔ [1053/7100] Built Mathlib.Algebra.EuclideanDomain.Basic (3.8s)
✔ [1054/7100] Built Mathlib.Data.Nat.Cast.Prod (2.3s)
✔ [1055/7100] Built Mathlib.Algebra.Divisibility.Prod (2.6s)
✔ [1056/7100] Built Mathlib.Order.PropInstances (2.5s)
✔ [1057/7100] Built Mathlib.Data.Nat.GCD.Basic (3.8s)
✔ [1058/7100] Built Mathlib.Algebra.GroupWithZero.Action.Opposite (2.2s)
✔ [1059/7100] Built Mathlib.Algebra.Ring.Action.Rat (1.9s)
✔ [1060/7100] Built Mathlib.Algebra.GroupWithZero.Action.Units (2.3s)
✔ [1061/7103] Built Mathlib.GroupTheory.GroupAction.Ring (2.1s)
✔ [1062/7103] Built Mathlib.Algebra.Order.GroupWithZero.Action.Synonym (2.4s)
✔ [1063/7103] Built Mathlib.Algebra.Regular.SMul (2.8s)
✔ [1064/7103] Built Mathlib.Algebra.GroupWithZero.Action.Hom (2.3s)
✔ [1065/7103] Built Mathlib.Algebra.Module.Defs (2.7s)
✔ [1066/7103] Built Mathlib.CategoryTheory.Thin (2.4s)
✔ [1067/7103] Built Mathlib.Tactic.Order.Graph.Tarjan (2.2s)
✔ [1068/7103] Built Mathlib.Algebra.Group.Action.Hom (2.2s)
✔ [1069/7103] Built Mathlib.Algebra.Order.Group.Action.End (2.0s)
✔ [1070/7103] Built Mathlib.Data.Multiset.Defs (2.8s)
✔ [1071/7103] Built Mathlib.Data.List.Sublists (2.9s)
✔ [1072/7103] Built Mathlib.Algebra.GroupWithZero.Invertible (2.4s)
✔ [1073/7103] Built Mathlib.Order.Hom.Basic (8.5s)
✔ [1074/7103] Built Mathlib.Algebra.Group.Action.Basic (3.1s)
✔ [1075/7103] Built Mathlib.CategoryTheory.Functor.Trifunctor (5.9s)
✔ [1076/7103] Built Mathlib.Algebra.Order.Monoid.Unbundled.Units (2.7s)
✔ [1077/7103] Built Mathlib.Algebra.Order.Monoid.Unbundled.MinMax (2.9s)
✔ [1078/7103] Built Mathlib.Algebra.Order.Sub.Defs (3.2s)
✔ [1079/7103] Built Mathlib.Algebra.Order.Monoid.NatCast (2.5s)
✔ [1080/7103] Built Mathlib.Algebra.Order.Monoid.Unbundled.ExistsOfLE (2.5s)
✔ [1081/7103] Built Mathlib.CategoryTheory.NatIso (6.3s)
✔ [1082/7103] Built Mathlib.Algebra.Order.Monoid.Defs (2.5s)
✔ [1083/7103] Built Mathlib.Data.List.AList (2.9s)
✔ [1084/7103] Built Mathlib.Data.List.Permutation (3.2s)
✔ [1085/7103] Built Mathlib.Algebra.Order.Monoid.Unbundled.Pow (3.9s)
✔ [1086/7103] Built Mathlib.Algebra.Group.Irreducible.Lemmas (2.5s)
✔ [1087/7103] Built Mathlib.Algebra.BigOperators.Group.List.Lemmas (2.0s)
✔ [1088/7103] Built Mathlib.Data.List.Destutter (3.6s)
✔ [1089/7104] Built Mathlib.Algebra.GroupWithZero.Prod (2.7s)
✔ [1090/7104] Built Mathlib.Algebra.Ring.WithZero (2.6s)
✔ [1091/7104] Built Mathlib.Algebra.GroupWithZero.Units.Lemmas (2.1s)
✔ [1092/7104] Built Mathlib.Algebra.Group.Nat.Even (3.5s)
✔ [1093/7104] Built Mathlib.Data.Nat.Cast.Basic (2.3s)
✔ [1094/7104] Built Mathlib.Data.Nat.Prime.Defs (2.7s)
✔ [1095/7104] Built Mathlib.Algebra.Ring.Units (2.3s)
✔ [1096/7104] Built Mathlib.Data.Int.Cast.Prod (2.2s)
✔ [1097/7104] Built Mathlib.Algebra.Regular.ULift (2.2s)
✔ [1098/7104] Built Mathlib.Algebra.Regular.Prod (2.2s)
✔ [1099/7104] Built Mathlib.Algebra.Regular.Pi (2.3s)
✔ [1100/7104] Built Mathlib.Algebra.Ring.Opposite (4.6s)
✔ [1101/7104] Built Mathlib.Algebra.Module.MinimalAxioms (2.2s)
✔ [1102/7104] Built Mathlib.Algebra.Order.Module.Synonym (2.6s)
✔ [1103/7104] Built Mathlib.Data.Set.Basic (4.3s)
✔ [1104/7104] Built Mathlib.Algebra.GroupWithZero.Action.End (2.5s)
✔ [1105/7104] Built Mathlib.Algebra.Group.Action.Prod (3.1s)
✔ [1106/7104] Built Mathlib.Data.Multiset.Pairwise (2.3s)
✔ [1107/7104] Built Mathlib.Order.Heyting.Basic (5.7s)
✔ [1108/7104] Built Mathlib.Order.Prod.Lex.Hom (2.1s)
✔ [1109/7104] Built Mathlib.Data.Multiset.ZeroCons (3.3s)
✔ [1110/7104] Built Mathlib.Tactic.Order (4.8s)
✔ [1111/7104] Built Mathlib.Algebra.Ring.Invertible (2.8s)
✔ [1112/7104] Built Mathlib.Order.Antisymmetrization (3.3s)
✔ [1113/7104] Built Mathlib.Tactic.NormNum.Result (3.0s)
✔ [1114/7104] Built Mathlib.Algebra.Order.Monoid.Units (2.6s)
✔ [1115/7104] Built Mathlib.Tactic.ApplyFun (3.3s)
✔ [1116/7104] Built Mathlib.Algebra.Order.Sub.Prod (2.2s)
✔ [1117/7104] Built Mathlib.Algebra.Order.Sub.Unbundled.Basic (2.9s)
✔ [1118/7104] Built Mathlib.Algebra.Order.Monoid.Unbundled.TypeTags (2.6s)
✔ [1119/7104] Built Mathlib.Order.Hom.Lattice (5.7s)
✔ [1120/7104] Built Mathlib.Algebra.Order.Monoid.OrderDual (2.7s)
✔ [1121/7104] Built Mathlib.Order.Hom.Bounded (6.2s)
✔ [1122/7106] Built Mathlib.Algebra.Order.Group.Opposite (3.2s)
✔ [1123/7106] Built Mathlib.Algebra.Order.Group.Unbundled.Basic (6.5s)
✔ [1124/7106] Built Mathlib.Algebra.Order.Group.Int (2.6s)
✔ [1125/7106] Built Mathlib.CategoryTheory.Functor.FullyFaithful (5.2s)
✔ [1126/7106] Built Mathlib.Algebra.Order.Monoid.Canonical.Defs (3.8s)
✔ [1127/7106] Built Mathlib.Algebra.Order.AddTorsor (3.2s)
✔ [1128/7106] Built Mathlib.Algebra.Order.Monoid.Basic (2.8s)
✔ [1129/7106] Built Mathlib.Algebra.Prime.Lemmas (3.1s)
✔ [1130/7106] Built Mathlib.Algebra.Order.Monoid.Unbundled.WithTop (8.1s)
✔ [1131/7106] Built Mathlib.Algebra.GroupWithZero.ProdHom (3.3s)
✔ [1132/7106] Built Mathlib.Algebra.CharZero.AddMonoidHom (2.5s)
✔ [1133/7106] Built Mathlib.Algebra.Group.Int.Even (3.3s)
✔ [1134/7106] Built Mathlib.Algebra.Group.NatPowAssoc (2.7s)
✔ [1135/7106] Built Mathlib.Data.Nat.Cast.Order.Basic (3.1s)
✔ [1136/7106] Built Mathlib.Data.Nat.Factorial.Cast (2.6s)
✔ [1137/7106] Built Mathlib.Data.Nat.Cast.Field (2.3s)
✔ [1138/7106] Built Mathlib.Data.Nat.GCD.Prime (2.2s)
✔ [1139/7106] Built Mathlib.Algebra.Ring.Int.Units (2.0s)
✔ [1140/7106] Built Mathlib.Algebra.CharP.Defs (2.0s)
✔ [1141/7106] Built Mathlib.CategoryTheory.Bicategory.Basic (10s)
✔ [1142/7106] Built Mathlib.Algebra.Module.Opposite (2.1s)
✔ [1143/7106] Built Mathlib.InformationTheory.Coding.UniquelyDecodable (2.0s)
✔ [1144/7106] Built Mathlib.Algebra.Ring.Commute (2.9s)
✔ [1145/7106] Built Mathlib.Data.PEquiv (2.9s)
✔ [1146/7106] Built Mathlib.Data.Bundle (2.6s)
✔ [1147/7106] Built Mathlib.Data.Nat.Order.Lemmas (2.3s)
✔ [1148/7106] Built Mathlib.Data.SetLike.Basic (2.8s)
✔ [1149/7106] Built Mathlib.Data.Set.Inclusion (2.2s)
✔ [1150/7106] Built Mathlib.Data.Set.Order (2.6s)
✔ [1151/7106] Built Mathlib.Data.Set.Disjoint (2.2s)
✔ [1152/7106] Built Mathlib.Algebra.Ring.Action.Basic (2.3s)
✔ [1153/7106] Built Mathlib.Algebra.Group.End (5.4s)
✔ [1154/7106] Built Mathlib.Algebra.Module.RingHom (2.4s)
✔ [1155/7108] Built Mathlib.Order.BooleanAlgebra.Defs (2.3s)
✔ [1156/7108] Built Mathlib.Algebra.GroupWithZero.Action.Prod (2.4s)
✔ [1157/7109] Built Mathlib.Data.Multiset.Count (2.5s)
✔ [1158/7109] Built Mathlib.Data.Multiset.Basic (2.3s)
✔ [1159/7109] Built Mathlib.Order.Circular (2.7s)
✔ [1160/7109] Built Mathlib.Algebra.Order.Group.Units (2.1s)
✔ [1161/7109] Built Mathlib.Algebra.Group.Center (7.6s)
✔ [1162/7109] Built Mathlib.Algebra.Order.Sub.Unbundled.Hom (2.3s)
✔ [1163/7109] Built Mathlib.Tactic.NormNum.Core (3.7s)
✔ [1164/7109] Built Mathlib.Algebra.Order.Group.OrderIso (2.7s)
✔ [1165/7109] Built Mathlib.Data.Int.Range (2.1s)
✔ [1166/7109] Built Mathlib.Computability.TuringMachine.Tape (3.7s)
✔ [1167/7109] Built Mathlib.Algebra.Order.Group.Defs (2.4s)
✔ [1168/7109] Built Mathlib.Algebra.Order.Group.Basic (2.8s)
✔ [1169/7109] Built Mathlib.Data.Sum.Order (6.4s)
✔ [1170/7109] Built Mathlib.Algebra.Order.Monoid.TypeTags (1.0s)
✔ [1171/7109] Built Mathlib.CategoryTheory.InducedCategory (2.7s)
✔ [1172/7109] Built Mathlib.Algebra.Order.Sub.Basic (2.5s)
✔ [1173/7109] Built Mathlib.Algebra.Order.Group.Nat (2.1s)
✔ [1174/7109] Built Mathlib.Algebra.Order.Monoid.Prod (2.4s)
✔ [1175/7109] Built Mathlib.Algebra.Order.Sub.WithTop (2.2s)
✔ [1176/7109] Built Mathlib.Data.Nat.Cast.WithTop (2.1s)
✔ [1177/7109] Built Mathlib.Algebra.Order.Monoid.WithTop (2.1s)
✔ [1178/7109] Built Mathlib.Algebra.Order.BigOperators.Group.List (3.5s)
✔ [1179/7109] Built Mathlib.Data.Nat.Choose.Cast (2.6s)
✔ [1180/7109] Built Mathlib.Data.Nat.Cast.Commute (2.5s)
✔ [1181/7109] Built Mathlib.Algebra.Order.Hom.Monoid (7.2s)
✔ [1182/7109] Built Mathlib.Algebra.GroupWithZero.Associated (4.2s)
✔ [1183/7109] Built Mathlib.Tactic.CategoryTheory.BicategoricalComp (3.1s)
✔ [1184/7109] Built Mathlib.Algebra.BigOperators.Ring.List (2.7s)
✔ [1185/7109] Built Mathlib.Algebra.Ring.Torsion (2.0s)
✔ [1186/7109] Built Mathlib.Data.FunLike.Graded (2.1s)
✔ [1187/7109] Built Mathlib.Algebra.Module.PUnit (2.3s)
✔ [1188/7109] Built Mathlib.Algebra.Ring.Action.Field (1.0s)
✔ [1189/7109] Built Mathlib.Algebra.Group.Subsemigroup.Defs (3.3s)
✔ [1190/7109] Built Mathlib.Algebra.Module.Prod (2.2s)
✔ [1191/7109] Built Mathlib.Data.Set.Insert (4.0s)
✔ [1192/7109] Built Mathlib.Algebra.Group.Action.End (2.9s)
✔ [1193/7109] Built Mathlib.Algebra.Field.Basic (5.4s)
✔ [1194/7109] Built Mathlib.Algebra.Group.Conj (3.4s)
✔ [1195/7109] Built Mathlib.Algebra.Ring.Centralizer (2.3s)
✔ [1196/7109] Built Mathlib.Algebra.GroupWithZero.Center (2.6s)
✔ [1197/7109] Built Mathlib.Data.Multiset.AddSub (3.5s)
✔ [1198/7109] Built Mathlib.Data.Int.LeastGreatest (2.7s)
✔ [1199/7109] Built Mathlib.Algebra.Order.Ring.Idempotent (4.7s)
✔ [1200/7109] Built Mathlib.Algebra.Order.Group.Lattice (3.1s)
✔ [1201/7109] Built Mathlib.Computability.Tape (2.7s)
✔ [1202/7109] Built Mathlib.Order.BooleanAlgebra.Basic (5.5s)
✔ [1203/7109] Built Mathlib.CategoryTheory.Whiskering (14s)
✔ [1204/7109] Built Mathlib.Algebra.Order.Group.DenselyOrdered (3.0s)
✔ [1205/7109] Built Mathlib.Data.Nat.Upto (2.1s)
✔ [1206/7109] Built Mathlib.Combinatorics.Quiver.Path.Decomposition (2.3s)
✔ [1207/7109] Built Mathlib.CategoryTheory.ObjectProperty.FullSubcategory (3.0s)
✔ [1208/7109] Built Mathlib.Data.List.Iterate (2.3s)
✔ [1209/7109] Built Mathlib.Data.Nat.WithBot (2.3s)
✔ [1210/7109] Built Mathlib.Data.Sum.Lattice (3.8s)
✔ [1211/7109] Built Mathlib.Data.String.Basic (4.3s)
✔ [1212/7109] Built Mathlib.Algebra.Order.AddGroupWithTop (3.1s)
✔ [1213/7109] Built Mathlib.Algebra.Order.Hom.Units (2.2s)
✔ [1214/7112] Built Mathlib.Data.List.Prime (2.6s)
✔ [1215/7112] Built Mathlib.Algebra.Order.Hom.TypeTags (3.3s)
✔ [1216/7112] Built Mathlib.Algebra.Order.Monoid.Associated (2.6s)
✔ [1217/7112] Built Mathlib.Algebra.Order.Monoid.Lex (3.5s)
✔ [1218/7112] Built Mathlib.Data.Int.Associated (2.6s)
✔ [1219/7112] Built Mathlib.Algebra.Ring.Associated (2.4s)
✔ [1220/7112] Built Mathlib.Algebra.Ring.Parity (5.5s)
✔ [1221/7112] Built Mathlib.GroupTheory.Subsemigroup.Center (2.3s)
✔ [1222/7112] Built Mathlib.Algebra.GroupWithZero.Action.Basic (2.7s)
✔ [1223/7112] Built Mathlib.Combinatorics.Quiver.Path.Vertices (2.9s)
✔ [1224/7112] Built Mathlib.Logic.Function.FiberPartition (2.3s)
✔ [1225/7112] Built Mathlib.Data.Set.Enumerate (2.7s)
✔ [1226/7112] Built Mathlib.Data.Bool.Set (2.3s)
✔ [1227/7112] Built Mathlib.GroupTheory.GroupAction.Hom (16s)
✔ [1228/7112] Built Mathlib.Tactic.NormNum.Basic (8.2s)
✔ [1229/7112] Built Mathlib.Algebra.Field.ModEq (2.3s)
✔ [1230/7112] Built Mathlib.Data.Set.Subsingleton (2.8s)
✔ [1231/7112] Built Mathlib.Algebra.Group.Submonoid.Defs (5.0s)
✔ [1232/7112] Built Mathlib.Algebra.GroupWithZero.Conj (2.3s)
✔ [1233/7112] Built Mathlib.Data.Multiset.Replicate (2.5s)
✔ [1234/7112] Built Mathlib.Tactic.CategoryTheory.Bicategory.Datatypes (7.4s)
✔ [1235/7114] Built Mathlib.Order.BooleanAlgebra.Set (3.7s)
✔ [1236/7114] Built Mathlib.CategoryTheory.Functor.ReflectsIso.Basic (2.9s)
✔ [1237/7114] Built Mathlib.Algebra.Order.Group.Unbundled.Abs (4.7s)
✔ [1238/7114] Built Mathlib.CategoryTheory.EssentialImage (3.6s)
✔ [1239/7114] Built Mathlib.CategoryTheory.ConcreteCategory.Basic (3.4s)
✔ [1240/7114] Built Mathlib.Order.SymmDiff (4.4s)
✔ [1241/7114] Built Mathlib.Algebra.Order.PUnit (2.5s)
✔ [1242/7114] Built Mathlib.Order.Booleanisation (4.9s)
✔ [1243/7114] Built Mathlib.CategoryTheory.Sigma.Basic (4.6s)
✔ [1244/7114] Built Mathlib.Algebra.Tropical.Basic (3.8s)
✔ [1245/7114] Built Mathlib.Data.Nat.Prime.Basic (3.1s)
✔ [1246/7114] Built Mathlib.Algebra.CharP.Invertible (2.6s)
✔ [1247/7114] Built Mathlib.Data.Nat.EvenOddRec (2.4s)
✔ [1248/7114] Built Mathlib.Algebra.Ring.AddAut (2.8s)
✔ [1249/7114] Built Mathlib.Data.Int.Cast.Lemmas (4.1s)
✔ [1250/7114] Built Mathlib.Data.Bool.Count (4.7s)
✔ [1251/7114] Built Mathlib.Algebra.Ring.Int.Parity (4.1s)
✔ [1252/7114] Built Mathlib.Data.Nat.Bitwise (5.0s)
✔ [1253/7114] Built Mathlib.Algebra.GroupWithZero.Submonoid.CancelMulZero (2.9s)
✔ [1254/7114] Built Mathlib.Algebra.Order.Monoid.Submonoid (2.8s)
✔ [1255/7114] Built Mathlib.Algebra.GroupWithZero.Submonoid.Primal (2.9s)
✔ [1256/7114] Built Mathlib.RingTheory.NonUnitalSubsemiring.Defs (4.9s)
✔ [1257/7114] Built Mathlib.Data.Part (5.3s)
✔ [1258/7114] Built Mathlib.GroupTheory.OreLocalization.OreSet (3.1s)
✔ [1259/7114] Built Mathlib.Algebra.Group.Submonoid.MulAction (3.2s)
✔ [1260/7114] Built Mathlib.Tactic.Abel (7.6s)
✔ [1261/7114] Built Mathlib.Data.Set.BoolIndicator (2.2s)
✔ [1262/7114] Built Mathlib.Algebra.Group.Subgroup.Defs (7.4s)
✔ [1263/7114] Built Mathlib.Algebra.Order.Group.Unbundled.Int (2.8s)
✔ [1264/7114] Built Mathlib.Algebra.GCDMonoid.Basic (12s)
✔ [1265/7114] Built Mathlib.Algebra.Order.Group.Abs (3.9s)
✔ [1266/7114] Built Mathlib.Order.Filter.Defs (4.3s)
✔ [1267/7114] Built Mathlib.Data.Set.SymmDiff (2.5s)
✔ [1268/7114] Built Mathlib.Algebra.Order.Group.PosPart (4.4s)
✔ [1269/7114] Built Mathlib.Tactic.CategoryTheory.Bicategory.PureCoherence (6.3s)
✔ [1270/7114] Built Mathlib.Order.Interval.Set.Basic (6.5s)
✔ [1271/7114] Built Mathlib.Data.Nat.Prime.Int (2.4s)
✔ [1272/7114] Built Mathlib.Tactic.CategoryTheory.Bicategory.Normalize (6.9s)
✔ [1273/7114] Built Mathlib.Data.Nat.Prime.Factorial (2.3s)
✔ [1274/7114] Built Mathlib.Data.Int.NatPrime (2.4s)
✔ [1275/7114] Built Mathlib.Data.Nat.Prime.Pow (2.3s)
✔ [1276/7114] Built Mathlib.Algebra.Ring.Center (2.4s)
✔ [1277/7114] Built Mathlib.Tactic.NormNum.Prime (3.4s)
✔ [1278/7117] Built Mathlib.Algebra.Field.Power (2.6s)
✔ [1279/7117] Built Mathlib.Data.Rat.Lemmas (3.2s)
✔ [1280/7118] Built Mathlib.Algebra.Field.Opposite (3.6s)
✔ [1281/7118] Built Mathlib.Order.Hom.BoundedLattice (6.3s)
✔ [1282/7118] Built Mathlib.Algebra.Module.NatInt (3.9s)
✔ [1283/7118] Built Mathlib.Data.Int.Bitwise (3.4s)
✔ [1284/7118] Built Mathlib.Control.Fix (2.8s)
✔ [1285/7118] Built Mathlib.Tactic.NormNum.Pow (5.4s)
✔ [1286/7118] Built Mathlib.Order.Part (2.6s)
✔ [1287/7118] Built Mathlib.RingTheory.OreLocalization.OreSet (2.5s)
✔ [1288/7118] Built Mathlib.Algebra.Group.Submonoid.DistribMulAction (2.3s)
✔ [1289/7118] Built Mathlib.Algebra.Ring.Subsemiring.Defs (4.0s)
✔ [1290/7118] Built Mathlib.Algebra.Ring.Associator (3.1s)
✔ [1291/7118] Built Mathlib.Tactic.NoncommRing (2.6s)
✔ [1292/7118] Built Mathlib.CategoryTheory.Equivalence (11s)
✔ [1293/7118] Built Mathlib.Algebra.Group.Subgroup.Even (2.6s)
✔ [1294/7118] Built Mathlib.Algebra.EuclideanDomain.Int (2.2s)
✔ [1295/7118] Built Mathlib.Algebra.Order.Group.Cone (3.2s)
✔ [1296/7118] Built Mathlib.RingTheory.NonUnitalSubring.Defs (3.7s)
✔ [1297/7118] Built Mathlib.Algebra.GCDMonoid.PUnit (2.6s)
✔ [1298/7119] Built Mathlib.Data.Nat.ModEq (3.9s)
✔ [1299/7119] Built Mathlib.Algebra.GCDMonoid.Nat (2.9s)
✔ [1300/7120] Built Mathlib.Algebra.Order.Group.MinMax (3.0s)
✔ [1301/7120] Built Mathlib.Algebra.Order.Ring.Unbundled.Rat (4.0s)
✔ [1302/7120] Built Mathlib.Algebra.Order.Hom.Basic (4.1s)
✔ [1303/7120] Built Mathlib.Tactic.TautoSet (2.8s)
✔ [1304/7120] Built Mathlib.Data.Nat.Choose.Dvd (2.3s)
✔ [1305/7120] Built Mathlib.GroupTheory.OreLocalization.Basic (10s)
✔ [1306/7120] Built Mathlib.Algebra.Module.End (3.2s)
✔ [1307/7120] Built Mathlib.Algebra.Ring.Action.Subobjects (2.8s)
✔ [1308/7120] Built Mathlib.Order.Hom.WithTopBot (4.7s)
✔ [1309/7120] Built Mathlib.Algebra.Module.Torsion.Free (4.1s)
✔ [1310/7120] Built Mathlib.Order.Interval.Set.LinearOrder (6.4s)
✔ [1311/7120] Built Mathlib.Order.Heyting.Hom (5.8s)
✔ [1312/7121] Built Mathlib.Data.Set.Image (7.8s)
✔ [1313/7122] Built Mathlib.CategoryTheory.ObjectProperty.Equivalence (2.9s)
✔ [1314/7122] Built Mathlib.Algebra.NonAssoc.PreLie.Basic (4.7s)
✔ [1315/7122] Built Mathlib.Tactic.CategoryTheory.Bicategory.Basic (8.7s)
✔ [1316/7122] Built Mathlib.Data.Int.ModEq (2.8s)
✔ [1317/7122] Built Mathlib.Algebra.Module.Torsion.Prod (2.3s)
✔ [1318/7122] Built Mathlib.CategoryTheory.CatCommSq (3.0s)
✔ [1319/7122] Built Mathlib.Algebra.Module.Torsion.Field (2.4s)
✔ [1320/7122] Built Mathlib.AlgebraicTopology.DoldKan.Compatibility (5.7s)
✔ [1321/7122] Built Mathlib.RingTheory.OreLocalization.Basic (3.8s)
✔ [1322/7122] Built Mathlib.Algebra.Ring.Subring.Defs (4.0s)
✔ [1323/7122] Built Mathlib.Algebra.NoZeroSMulDivisors.Defs (2.6s)
✔ [1324/7122] Built Mathlib.Data.List.Lemmas (2.3s)
✔ [1325/7122] Built Mathlib.Order.UpperLower.Relative (2.3s)
✔ [1326/7122] Built Mathlib.Logic.Embedding.Set (3.2s)
✔ [1327/7123] Built Mathlib.Data.Set.List (2.3s)
✔ [1328/7123] Built Mathlib.Order.Interval.Set.WithBotTop (2.7s)
✔ [1329/7123] Built Mathlib.Data.Nat.Set (2.4s)
✔ [1330/7123] Built Mathlib.Algebra.Notation.Support (3.7s)
✔ [1331/7123] Built Mathlib.Order.Directed (3.4s)
✔ [1332/7123] Built Mathlib.Data.Set.Restrict (3.2s)
✔ [1333/7123] Built Mathlib.Algebra.Ring.Action.Invariant (2.7s)
✔ [1334/7123] Built Mathlib.CategoryTheory.Sums.Basic (11s)
✔ [1335/7123] Built Mathlib.Algebra.NoZeroSMulDivisors.Basic (2.8s)
✔ [1336/7123] Built Mathlib.Logic.Equiv.Embedding (2.7s)
✔ [1337/7123] Built Mathlib.CategoryTheory.Opposites (12s)
✔ [1338/7123] Built Mathlib.Algebra.Group.Support (2.8s)
✔ [1339/7123] Built Mathlib.CategoryTheory.Bicategory.Adjunction.Basic (6.4s)
✔ [1340/7126] Built Mathlib.Data.Set.Prod (6.8s)
✔ [1341/7126] Built Mathlib.Algebra.Ring.CharZero (3.3s)
✔ [1342/7126] Built Mathlib.Data.Multiset.MapFold (4.3s)
✔ [1343/7126] Built Mathlib.Data.Int.CharZero (2.8s)
✔ [1344/7126] Built Mathlib.Algebra.Field.Subfield.Defs (6.4s)
✔ [1345/7126] Built Mathlib.Order.ConditionallyCompletePartialOrder.Defs (2.3s)
✔ [1346/7126] Built Mathlib.Logic.Function.DependsOn (2.3s)
✔ [1347/7126] Built Mathlib.CategoryTheory.ObjectProperty.Opposite (2.5s)
✔ [1348/7126] Built Mathlib.CategoryTheory.DinatTrans (2.8s)
✔ [1349/7126] Built Mathlib.CategoryTheory.Functor.TwoSquare (4.0s)
✔ [1350/7126] Built Mathlib.CategoryTheory.Bicategory.Opposites (4.5s)
✔ [1351/7126] Built Mathlib.CategoryTheory.EqToHom (4.0s)
✔ [1352/7126] Built Mathlib.Data.Prod.TProd (2.8s)
✔ [1353/7131] Built Mathlib.CategoryTheory.Functor.Const (3.7s)
✔ [1354/7131] Built Mathlib.Order.Bounds.Basic (7.1s)
✔ [1355/7131] Built Mathlib.CategoryTheory.Sums.Associator (6.0s)
✔ [1356/7131] Built Mathlib.Data.Set.NAry (3.4s)
✔ [1357/7133] Built Mathlib.Data.Multiset.NatAntidiagonal (2.4s)
✔ [1358/7133] Built Mathlib.CategoryTheory.Category.ULift (3.9s)
✔ [1359/7133] Built Mathlib.CategoryTheory.Bicategory.EqToHom (3.1s)
✔ [1360/7133] Built Mathlib.CategoryTheory.Category.Preorder (3.9s)
✔ [1361/7133] Built Mathlib.CategoryTheory.Bicategory.Strict.Basic (2.8s)
✔ [1362/7133] Built Mathlib.CategoryTheory.Bicategory.Functor.Prelax (4.6s)
✔ [1363/7133] Built Mathlib.Data.Set.Function (6.7s)
✔ [1364/7133] Built Mathlib.Data.Nat.Prime.Infinite (2.4s)
✔ [1365/7133] Built Mathlib.Order.Monotone.Union (2.5s)
✔ [1366/7133] Built Mathlib.Algebra.Order.Group.Bounds (2.4s)
✔ [1367/7135] Built Mathlib.Order.LatticeIntervals (3.6s)
✔ [1368/7135] Built Mathlib.Order.CompleteLattice.Defs (3.3s)
✔ [1369/7135] Built Mathlib.Algebra.Group.Pointwise.Set.Scalar (3.6s)
✔ [1370/7135] Built Mathlib.CategoryTheory.Limits.Shapes.Pullback.Categorical.CatCospanTransform (21s)
✔ [1371/7135] Built Mathlib.CategoryTheory.Functor.OfSequence (3.5s)
✔ [1372/7135] Built Mathlib.CategoryTheory.Bicategory.Strict (2.1s)
✔ [1373/7135] Built Mathlib.Order.Bounds.Image (4.1s)
✔ [1374/7135] Built Mathlib.CategoryTheory.Products.Basic (8.7s)
✔ [1375/7135] Built Mathlib.Data.Multiset.Filter (3.3s)
✔ [1376/7135] Built Mathlib.Data.Rel (14s)
✔ [1377/7135] Built Mathlib.Algebra.Order.Interval.Set.Monoid (2.4s)
✔ [1378/7135] Built Mathlib.Dynamics.FixedPoints.Basic (2.7s)
✔ [1379/7136] Built Mathlib.CategoryTheory.Bicategory.Adjunction.Mate (14s)
✔ [1380/7136] Built Mathlib.Order.WellFounded (2.0s)
✔ [1381/7136] Built Mathlib.Order.Interval.Set.Image (3.9s)
✔ [1382/7136] Built Mathlib.Data.Set.Pairwise.Basic (3.8s)
✔ [1383/7136] Built Mathlib.Data.Set.Monotone (3.1s)
✔ [1384/7136] Built Mathlib.Order.Monotone.Odd (2.7s)
✔ [1385/7137] Built Mathlib.Data.Set.Piecewise (3.0s)
✔ [1386/7137] Built Mathlib.GroupTheory.GroupAction.Support (2.7s)
✔ [1387/7137] Built Mathlib.Algebra.Module.PointwisePi (2.7s)
✔ [1388/7137] Built Mathlib.GroupTheory.GroupAction.Pointwise (4.1s)
✔ [1389/7137] Built Mathlib.Logic.Equiv.Set (6.5s)
✔ [1390/7137] Built Mathlib.Order.ScottContinuity (3.5s)
✔ [1391/7137] Built Mathlib.Algebra.Group.Pointwise.Set.Basic (13s)
✔ [1392/7137] Built Mathlib.Algebra.Order.GroupWithZero.Unbundled.Basic (9.9s)
✔ [1393/7138] Built Mathlib.CategoryTheory.Products.Bifunctor (2.4s)
✔ [1394/7138] Built Mathlib.Algebra.BigOperators.Group.Multiset.Defs (2.8s)
✔ [1395/7138] Built Mathlib.CategoryTheory.Products.Associator (4.1s)
✔ [1396/7138] Built Mathlib.Data.Multiset.UnionInter (3.4s)
✔ [1397/7138] Built Mathlib.Data.PFun (3.9s)
✔ [1398/7138] Built Mathlib.Order.ConditionallyCompleteLattice.Defs (3.3s)
✔ [1399/7138] Built Mathlib.CategoryTheory.Functor.Currying (9.3s)
✔ [1400/7138] Built Mathlib.CategoryTheory.Pi.Basic (10s)
✔ [1401/7138] Built Mathlib.Combinatorics.Quiver.Arborescence (3.3s)
✔ [1402/7138] Built Mathlib.Order.Interval.Set.UnorderedInterval (5.8s)
✔ [1403/7138] Built Mathlib.Order.Minimal (5.2s)
✔ [1404/7138] Built Mathlib.Data.Set.Pairwise.List (3.2s)
✔ [1405/7138] Built Mathlib.Data.Rel.Separated (2.0s)
✔ [1406/7138] Built Mathlib.Order.PiLex (4.9s)
✔ [1407/7138] Built Mathlib.Data.Finset.Defs (4.1s)
✔ [1408/7138] Built Mathlib.Algebra.Notation.Indicator (3.9s)
✔ [1409/7138] Built Mathlib.CategoryTheory.Join.Basic (13s)
✔ [1410/7138] Built Mathlib.Algebra.Group.Action.Pi (2.8s)
✔ [1411/7138] Built Mathlib.Order.RelIso.Set (2.6s)
✔ [1412/7138] Built Mathlib.GroupTheory.Perm.Basic (2.6s)
✔ [1413/7138] Built Mathlib.GroupTheory.Perm.ViaEmbedding (2.6s)
✔ [1414/7138] Built Mathlib.CategoryTheory.Monoidal.Category (15s)
✔ [1415/7138] Built Mathlib.Logic.Equiv.PartialEquiv (5.3s)
✔ [1416/7138] Built Mathlib.Algebra.Group.Pi.Lemmas (6.5s)
✔ [1417/7138] Built Mathlib.Logic.Small.Basic (2.2s)
✔ [1418/7138] Built Mathlib.Algebra.GroupWithZero.Pointwise.Set.Basic (2.3s)
✔ [1419/7138] Built Mathlib.Algebra.Ring.Pointwise.Set (2.4s)
✔ [1420/7138] Built Mathlib.Algebra.Group.TypeTags.Pointwise (2.5s)
✔ [1421/7138] Built Mathlib.Algebra.Order.GroupWithZero.Submonoid (2.4s)
✔ [1422/7138] Built Mathlib.Algebra.Order.GroupWithZero.Bounds (2.2s)
✔ [1423/7140] Built Mathlib.Data.Fin.SuccPred (6.3s)
✔ [1424/7140] Built Mathlib.Order.Hom.Set (5.8s)
✔ [1425/7140] Built Mathlib.Tactic.FieldSimp.Lemmas (4.5s)
✔ [1426/7140] Built Mathlib.Algebra.Ring.Equiv (7.6s)
✔ [1427/7140] Built Mathlib.Algebra.Order.BigOperators.GroupWithZero.List (2.8s)
✔ [1428/7140] Built Mathlib.Algebra.Order.GroupWithZero.Unbundled.OrderIso (2.5s)
✔ [1429/7140] Built Mathlib.Data.Multiset.Range (2.4s)
✔ [1430/7140] Built Mathlib.Data.Multiset.Dedup (2.6s)
✔ [1431/7140] Built Mathlib.Algebra.Order.Nonneg.Basic (4.5s)
✔ [1432/7140] Built Mathlib.Data.Int.ConditionallyCompleteOrder (2.7s)
✔ [1433/7140] Built Mathlib.Algebra.Order.Ring.Unbundled.Basic (6.8s)
✔ [1434/7140] Built Mathlib.Data.Rel.Cover (2.2s)
✔ [1435/7140] Built Mathlib.Order.Interval.Set.OrderEmbedding (2.7s)
✔ [1436/7140] Built Mathlib.Data.Finset.Order (2.2s)
✔ [1437/7140] Built Mathlib.Algebra.Order.Group.PiLex (2.4s)
✔ [1438/7140] Built Mathlib.Data.Finset.Erase (2.4s)
✔ [1439/7140] Built Mathlib.Algebra.Order.GroupWithZero.Canonical (9.8s)
✔ [1440/7140] Built Mathlib.CategoryTheory.Discrete.Basic (4.0s)
✔ [1441/7140] Built Mathlib.CategoryTheory.Sums.Products (7.6s)
✔ [1442/7140] Built Mathlib.Data.Finset.Empty (2.6s)
✔ [1443/7140] Built Mathlib.Data.Finset.Attach (2.2s)
✔ [1444/7140] Built Mathlib.Algebra.GroupWithZero.Indicator (2.5s)
✔ [1445/7140] Built Mathlib.Algebra.Group.Indicator (3.1s)
✔ [1446/7140] Built Mathlib.CategoryTheory.Join.Sum (2.6s)
✔ [1447/7140] Built Mathlib.CategoryTheory.Functor.CurryingThree (8.9s)
✔ [1448/7140] Built Mathlib.Algebra.NoZeroSMulDivisors.Pi (2.8s)
✔ [1449/7140] Built Mathlib.GroupTheory.GroupAction.Embedding (2.4s)
✔ [1450/7140] Built Mathlib.Algebra.AddTorsor.Basic (3.3s)
✔ [1451/7141] Built Mathlib.Algebra.GroupWithZero.Action.Pi (2.9s)
✔ [1452/7141] Built Mathlib.Algebra.Module.Basic (3.2s)
✔ [1453/7142] Built Mathlib.CategoryTheory.Join.Opposites (4.0s)
✔ [1454/7142] Built Mathlib.CategoryTheory.Bicategory.End (3.1s)
✔ [1455/7142] Built Mathlib.Data.Countable.Small (1.0s)
✔ [1456/7142] Built Mathlib.CategoryTheory.Limits.Shapes.Pullback.Categorical.Basic (34s)
✔ [1457/7142] Built Mathlib.Tactic.CategoryTheory.MonoidalComp (2.8s)
✔ [1458/7142] Built Mathlib.Data.Fin.Rev (2.5s)
✔ [1459/7142] Built Mathlib.Data.Fin.Embedding (2.5s)
✔ [1460/7142] Built Mathlib.GroupTheory.GroupAction.DomAct.Basic (4.5s)
✔ [1461/7142] Built Mathlib.Order.Bounds.OrderIso (2.6s)
✔ [1462/7142] Built Mathlib.Order.Preorder.Chain (3.3s)
✔ [1463/7142] Built Mathlib.Data.Vector.Basic (4.3s)
✔ [1464/7142] Built Mathlib.Order.Interval.Set.OrderIso (3.0s)
✔ [1465/7142] Built Mathlib.Algebra.Ring.Action.Group (2.7s)
✔ [1466/7142] Built Mathlib.Algebra.Ring.Aut (2.8s)
✔ [1467/7142] Built Mathlib.Algebra.Order.BigOperators.GroupWithZero.Multiset (2.4s)
✔ [1468/7142] Built Mathlib.Algebra.Ring.CompTypeclasses (2.6s)
✔ [1469/7142] Built Mathlib.Order.Hom.Lex (4.9s)
✔ [1470/7142] Built Mathlib.Data.Multiset.Fold (2.3s)
✔ [1471/7142] Built Mathlib.Data.Finset.Dedup (2.7s)
✔ [1472/7142] Built Mathlib.Algebra.Ring.ULift (4.7s)
✔ [1473/7142] Built Mathlib.Data.Multiset.FinsetOps (3.5s)
✔ [1474/7142] Built Mathlib.CategoryTheory.Monoidal.Action.Basic (11s)
✔ [1475/7142] Built Mathlib.Data.NNRat.Defs (4.2s)
✔ [1476/7142] Built Mathlib.Algebra.Order.Monoid.ToMulBot (3.3s)
✔ [1477/7143] Built Mathlib.Order.CompleteLattice.Basic (8.6s)
✔ [1478/7144] Built Mathlib.Algebra.Order.Ring.Defs (3.8s)
✔ [1479/7144] Built Mathlib.Algebra.Order.GroupWithZero.WithZero (3.5s)
✔ [1480/7144] Built Mathlib.CategoryTheory.Products.Unitor (3.1s)
✔ [1481/7144] Built Mathlib.Algebra.Order.Hom.MonoidWithZero (4.6s)
✔ [1482/7144] Built Mathlib.CategoryTheory.PUnit (3.1s)
✔ [1483/7144] Built Mathlib.CategoryTheory.PEmpty (2.3s)
✔ [1484/7144] Built Mathlib.Data.Finset.Filter (2.7s)
✔ [1485/7144] Built Mathlib.Algebra.Group.Fin.Basic (2.7s)
✔ [1486/7144] Built Mathlib.Order.UpperLower.Basic (7.1s)
✔ [1487/7144] Built Mathlib.Order.Fin.Basic (3.3s)
✔ [1488/7144] Built Mathlib.CategoryTheory.Discrete.SumsProducts (4.0s)
✔ [1489/7144] Built Mathlib.GroupTheory.GroupAction.DomAct.ActionHom (2.7s)
✔ [1490/7144] Built Mathlib.Algebra.Module.Hom (3.5s)
✔ [1491/7144] Built Mathlib.Logic.Small.List (2.6s)
✔ [1492/7144] Built Mathlib.Data.Vector.Zip (2.5s)
✔ [1493/7144] Built Mathlib.Order.Antichain (3.3s)
✔ [1494/7144] Built Mathlib.Data.Vector.Mem (2.4s)
✔ [1495/7144] Built Mathlib.Tactic.CategoryTheory.Monoidal.Datatypes (6.1s)
✔ [1496/7144] Built Mathlib.Data.Vector.Snoc (2.7s)
✔ [1497/7144] Built Mathlib.Algebra.Ring.Action.End (2.7s)
✔ [1498/7144] Built Mathlib.Data.Num.Bitwise (3.4s)
✔ [1499/7144] Built Mathlib.Algebra.Order.Group.Multiset (2.7s)
✔ [1500/7144] Built Mathlib.Algebra.Ring.Pi (3.3s)
✔ [1501/7144] Built Mathlib.Algebra.Order.BigOperators.Group.Multiset (3.2s)
✔ [1502/7144] Built Mathlib.Algebra.Star.Basic (4.1s)
✔ [1503/7144] Built Mathlib.Algebra.Field.ULift (3.0s)
✔ [1504/7144] Built Mathlib.Data.Finset.Lattice.Basic (3.4s)
✔ [1505/7144] Built Mathlib.Algebra.Ring.Prod (4.0s)
✔ [1506/7144] Built Mathlib.Data.Multiset.Lattice (3.3s)
✔ [1507/7144] Built Mathlib.Algebra.Field.Rat (2.9s)
✔ [1508/7145] Built Mathlib.Data.Finset.Insert (4.9s)
✔ [1509/7145] Built Mathlib.Order.CompleteLattice.Lemmas (2.0s)
✔ [1510/7145] Built Mathlib.CategoryTheory.ObjectProperty.CompleteLattice (2.8s)
✔ [1511/7145] Built Mathlib.Order.GaloisConnection.Basic (4.2s)
✔ [1512/7145] Built Mathlib.Order.CompleteLattice.Group (2.6s)
✔ [1513/7145] Built Mathlib.Algebra.Order.Quantale (3.5s)
✔ [1514/7145] Built Mathlib.Algebra.Order.Ring.Nat (2.7s)
✔ [1515/7145] Built Mathlib.Data.Setoid.Basic (3.3s)
✔ [1516/7145] Built Mathlib.CategoryTheory.Monoidal.Action.LinearFunctor (6.2s)
✔ [1517/7145] Built Mathlib.Order.OmegaCompletePartialOrder (5.9s)
✔ [1518/7145] Built Mathlib.Algebra.Order.Field.Pointwise (2.4s)
✔ [1519/7145] Built Mathlib.Algebra.Order.Ring.Int (3.1s)
✔ [1520/7145] Built Mathlib.Algebra.Order.Ring.InjSurj (2.1s)
✔ [1521/7145] Built Mathlib.Algebra.Order.Interval.Set.Group (3.7s)
✔ [1522/7145] Built Mathlib.Algebra.Order.Ring.Opposite (2.2s)
✔ [1523/7145] Built Mathlib.Algebra.Order.Ring.Canonical (2.8s)
✔ [1524/7145] Built Mathlib.Combinatorics.Quiver.Path.Weight (2.9s)
✔ [1525/7145] Built Mathlib.Tactic.CancelDenoms.Core (4.8s)
✔ [1526/7145] Built Mathlib.Algebra.Order.Ring.Rat (2.5s)
✔ [1527/7145] Built Mathlib.Algebra.Order.Interval.Set.Instances (4.3s)
✔ [1528/7145] Built Mathlib.Data.Nat.Choose.Bounds (3.3s)
✔ [1529/7145] Built Mathlib.Algebra.Order.Positive.Ring (3.3s)
✔ [1530/7145] Built Mathlib.Algebra.Order.Ring.Basic (3.7s)
✔ [1531/7145] Built Mathlib.Algebra.Module.LinearMap.Defs (15s)
✔ [1532/7145] Built Mathlib.Algebra.Order.GroupWithZero.Lex (4.0s)
✔ [1533/7145] Built Mathlib.Algebra.CharP.Basic (3.4s)
✔ [1534/7145] Built Mathlib.Order.UpperLower.Fibration (2.4s)
✔ [1535/7145] Built Mathlib.Data.Fintype.Defs (4.1s)
✔ [1536/7145] Built Mathlib.Algebra.Order.Hom.Ring (4.8s)
✔ [1537/7145] Built Mathlib.AlgebraicTopology.SimplexCategory.Defs (3.6s)
✔ [1538/7145] Built Mathlib.Control.Random (3.1s)
✔ [1539/7145] Built Mathlib.Order.InitialSeg (5.2s)
✔ [1540/7145] Built Mathlib.Order.Fin.Clamp (2.8s)
✔ [1541/7145] Built Mathlib.Data.Fin.FlagRange (2.9s)
✔ [1542/7145] Built Mathlib.Algebra.Order.Module.Defs (13s)
✔ [1543/7145] Built Mathlib.Data.Fin.Tuple.Basic (6.5s)
✔ [1544/7145] Built Mathlib.Order.Interval.Set.OrdConnected (3.6s)
✔ [1545/7145] Built Mathlib.Order.Interval.Set.Fin (4.0s)
✔ [1546/7145] Built Mathlib.Data.Vector.MapLemmas (4.1s)
✔ [1547/7145] Built Mathlib.Algebra.GCDMonoid.Multiset (3.8s)
✔ [1548/7145] Built Mathlib.Data.Multiset.OrderedMonoid (2.0s)
✔ [1549/7145] Built Mathlib.Algebra.BigOperators.Group.Multiset.Basic (4.5s)
✔ [1550/7145] Built Mathlib.Data.Multiset.Sum (3.0s)
✔ [1551/7145] Built Mathlib.Algebra.Order.Pi (3.2s)
✔ [1552/7145] Built Mathlib.Algebra.Module.Pi (2.8s)
✔ [1553/7145] Built Mathlib.Tactic.CategoryTheory.Monoidal.PureCoherence (6.2s)
✔ [1554/7145] Built Mathlib.Algebra.CharP.Pi (2.5s)
✔ [1555/7145] Built Mathlib.Algebra.Star.Pi (2.6s)
✔ [1556/7145] Built Mathlib.Tactic.CategoryTheory.Monoidal.Normalize (8.1s)
✔ [1557/7145] Built Mathlib.Algebra.Order.Ring.Prod (2.4s)
✔ [1558/7145] Built Mathlib.Algebra.Star.MonoidHom (3.9s)
✔ [1559/7146] Built Mathlib.Algebra.Star.Prod (2.6s)
✔ [1560/7146] Built Mathlib.Algebra.Star.StarRingHom (4.2s)
✔ [1561/7146] Built Mathlib.Algebra.Module.Rat (3.6s)
✔ [1562/7146] Built Mathlib.Data.Rat.Cast.Defs (3.5s)
✔ [1563/7146] Built Mathlib.Algebra.Order.Kleene (4.7s)
✔ [1564/7146] Built Mathlib.Data.Finset.Lattice.Lemmas (3.1s)
✔ [1565/7146] Built Mathlib.Data.Finset.SDiff (3.5s)
✔ [1566/7146] Built Mathlib.Data.Finset.Range (3.3s)
✔ [1567/7146] Built Mathlib.Data.Finset.Disjoint (3.0s)
✔ [1568/7146] Built Mathlib.CategoryTheory.Comma.Basic (19s)
✔ [1569/7146] Built Mathlib.Algebra.Order.Group.Pointwise.Bounds (3.2s)
✔ [1570/7146] Built Mathlib.Order.Hom.Order (2.9s)
✔ [1571/7146] Built Mathlib.Data.Nat.Cast.Order.Ring (3.0s)
✔ [1572/7146] Built Mathlib.Algebra.IsPrimePow (3.3s)
✔ [1573/7146] Built Mathlib.Topology.Defs.Filter (3.9s)
✔ [1574/7146] Built Mathlib.Control.LawfulFix (3.4s)
✔ [1575/7146] Built Mathlib.Algebra.Ring.Subsemiring.Order (2.8s)
✔ [1576/7146] Built Mathlib.Algebra.Order.Field.Subfield (3.4s)
✔ [1577/7146] Built Mathlib.Data.Sym.Basic (4.9s)
✔ [1578/7146] Built Mathlib.Algebra.Order.Field.Canonical (3.2s)
✔ [1579/7146] Built Mathlib.Order.CompleteBooleanAlgebra (8.8s)
✔ [1580/7146] Built Mathlib.Data.Num.Lemmas (7.4s)
✔ [1581/7146] Built Mathlib.Data.Nat.Dist (4.2s)
✔ [1582/7146] Built Mathlib.GroupTheory.Congruence.Defs (6.5s)
✔ [1583/7146] Built Mathlib.Algebra.Order.BigOperators.Ring.List (2.9s)
✔ [1584/7146] Built Mathlib.Algebra.Order.Positive.Field (2.9s)
✔ [1585/7146] Built Mathlib.Algebra.Module.LinearMap.Prod (3.3s)
✔ [1586/7146] Built Mathlib.Data.PNat.Basic (4.3s)
