**

(recovering_relativity_and_standard_model_structure_from_observer_overlap_consi
stency_compact.tex
LaTeX2e <2021-11-15> patch level 1
L3 programming layer <2022-02-24> (article.cls
Document Class: article 2021/10/04 v1.4n Standard LaTeX document class
(size11.clo
File: size11.clo 2021/10/04 v1.4n Standard LaTeX file (size option)
)
\c@part=\count181
\c@section=\count182
\c@subsection=\count183
\c@subsubsection=\count184
\c@paragraph=\count185
\c@subparagraph=\count186
\c@figure=\count187
\c@table=\count188
\abovecaptionskip=\skip47
\belowcaptionskip=\skip48
\bibindent=\dimen138
) (fontenc.sty
Package: fontenc 2021/04/29 v2.0v Standard LaTeX package
LaTeX Font Info:    Trying to load font information for T1+lmr on input line 11
2.
 (t1lmr.fd
File: t1lmr.fd 2015/05/01 v1.6.1 Font defs for Latin Modern
)) (inputenc.sty
Package: inputenc 2021/02/14 v1.3d Input encoding file
\inpenc@prehook=\toks16
\inpenc@posthook=\toks17


Package inputenc Warning: inputenc package ignored with utf8 based engines.

) (lmodern.sty
Package: lmodern 2015/05/01 v1.6.1 Latin Modern Fonts
LaTeX Font Info:    Overwriting symbol font `operators' in version `normal'
(Font)                  OT1/cmr/m/n --> OT1/lmr/m/n on input line 22.
LaTeX Font Info:    Overwriting symbol font `letters' in version `normal'
(Font)                  OML/cmm/m/it --> OML/lmm/m/it on input line 23.
LaTeX Font Info:    Overwriting symbol font `symbols' in version `normal'
(Font)                  OMS/cmsy/m/n --> OMS/lmsy/m/n on input line 24.
LaTeX Font Info:    Overwriting symbol font `largesymbols' in version `normal'
(Font)                  OMX/cmex/m/n --> OMX/lmex/m/n on input line 25.
LaTeX Font Info:    Overwriting symbol font `operators' in version `bold'
(Font)                  OT1/cmr/bx/n --> OT1/lmr/bx/n on input line 26.
LaTeX Font Info:    Overwriting symbol font `letters' in version `bold'
(Font)                  OML/cmm/b/it --> OML/lmm/b/it on input line 27.
LaTeX Font Info:    Overwriting symbol font `symbols' in version `bold'
(Font)                  OMS/cmsy/b/n --> OMS/lmsy/b/n on input line 28.
LaTeX Font Info:    Overwriting symbol font `largesymbols' in version `bold'
(Font)                  OMX/cmex/m/n --> OMX/lmex/m/n on input line 29.
LaTeX Font Info:    Overwriting math alphabet `\mathbf' in version `normal'
(Font)                  OT1/cmr/bx/n --> OT1/lmr/bx/n on input line 31.
LaTeX Font Info:    Overwriting math alphabet `\mathsf' in version `normal'
(Font)                  OT1/cmss/m/n --> OT1/lmss/m/n on input line 32.
LaTeX Font Info:    Overwriting math alphabet `\mathit' in version `normal'
(Font)                  OT1/cmr/m/it --> OT1/lmr/m/it on input line 33.
LaTeX Font Info:    Overwriting math alphabet `\mathtt' in version `normal'
(Font)                  OT1/cmtt/m/n --> OT1/lmtt/m/n on input line 34.
LaTeX Font Info:    Overwriting math alphabet `\mathbf' in version `bold'
(Font)                  OT1/cmr/bx/n --> OT1/lmr/bx/n on input line 35.
LaTeX Font Info:    Overwriting math alphabet `\mathsf' in version `bold'
(Font)                  OT1/cmss/bx/n --> OT1/lmss/bx/n on input line 36.
LaTeX Font Info:    Overwriting math alphabet `\mathit' in version `bold'
(Font)                  OT1/cmr/bx/it --> OT1/lmr/bx/it on input line 37.
LaTeX Font Info:    Overwriting math alphabet `\mathtt' in version `bold'
(Font)                  OT1/cmtt/m/n --> OT1/lmtt/m/n on input line 38.
) (geometry.sty
Package: geometry 2020/01/02 v5.9 Page Geometry
 (keyval.sty
Package: keyval 2014/10/28 v1.15 key=value parser (DPC)
\KV@toks@=\toks18
) (ifvtex.sty
Package: ifvtex 2019/10/25 v1.7 ifvtex legacy package. Use iftex instead.
 (iftex.sty
Package: iftex 2022/02/03 v1.0f TeX engine tests
))
\Gm@cnth=\count189
\Gm@cntv=\count190
\c@Gm@tempcnt=\count191
\Gm@bindingoffset=\dimen139
\Gm@wd@mp=\dimen140
\Gm@odd@mp=\dimen141
\Gm@even@mp=\dimen142
\Gm@layoutwidth=\dimen143
\Gm@layoutheight=\dimen144
\Gm@layouthoffset=\dimen145
\Gm@layoutvoffset=\dimen146
\Gm@dimlist=\toks19
)
(amsmath.sty
Package: amsmath 2021/10/15 v2.17l AMS math features
\@mathmargin=\skip49

For additional information on amsmath, use the `?' option.
(amstext.sty
Package: amstext 2021/08/26 v2.01 AMS text
 (amsgen.sty
File: amsgen.sty 1999/11/30 v2.0 generic functions
\@emptytoks=\toks20
\ex@=\dimen147
)) (amsbsy.sty
Package: amsbsy 1999/11/29 v1.2d Bold Symbols
\pmbraise@=\dimen148
) (amsopn.sty
Package: amsopn 2021/08/26 v2.02 operator names
)
\inf@bad=\count192
LaTeX Info: Redefining \frac on input line 234.
\uproot@=\count193
\leftroot@=\count194
LaTeX Info: Redefining \overline on input line 399.
\classnum@=\count195
\DOTSCASE@=\count196
LaTeX Info: Redefining \ldots on input line 496.
LaTeX Info: Redefining \dots on input line 499.
LaTeX Info: Redefining \cdots on input line 620.
\Mathstrutbox@=\box50
\strutbox@=\box51
\big@size=\dimen149
LaTeX Font Info:    Redeclaring font encoding OML on input line 743.
LaTeX Font Info:    Redeclaring font encoding OMS on input line 744.
\macc@depth=\count197
\c@MaxMatrixCols=\count198
\dotsspace@=\muskip16
\c@parentequation=\count199
\dspbrk@lvl=\count266
\tag@help=\toks21
\row@=\count267
\column@=\count268
\maxfields@=\count269
\andhelp@=\toks22
\eqnshift@=\dimen150
\alignsep@=\dimen151
\tagshift@=\dimen152
\tagwidth@=\dimen153
\totwidth@=\dimen154
\lineht@=\dimen155
\@envbody=\toks23
\multlinegap=\skip50
\multlinetaggap=\skip51
\mathdisplay@stack=\toks24
LaTeX Info: Redefining \[ on input line 2938.
LaTeX Info: Redefining \] on input line 2939.
) (amssymb.sty
Package: amssymb 2013/01/14 v3.01 AMS font symbols

(amsfonts.sty
Package: amsfonts 2013/01/14 v3.01 Basic AMSFonts support
\symAMSa=\mathgroup4
\symAMSb=\mathgroup5
LaTeX Font Info:    Redeclaring math symbol \hbar on input line 98.
LaTeX Font Info:    Overwriting math alphabet `\mathfrak' in version `bold'
(Font)                  U/euf/m/n --> U/euf/b/n on input line 106.
)) (amsthm.sty
Package: amsthm 2020/05/29 v2.20.6
\thm@style=\toks25
\thm@bodyfont=\toks26
\thm@headfont=\toks27
\thm@notefont=\toks28
\thm@headpunct=\toks29
\thm@preskip=\skip52
\thm@postskip=\skip53
\thm@headsep=\skip54
\dth@everypar=\toks30
) (mathtools.sty
Package: mathtools 2022/02/07 v1.28a mathematical typesetting tools
 (calc.sty
Package: calc 2017/05/25 v4.3 Infix arithmetic (KKT,FJ)
\calc@Acount=\count270
\calc@Bcount=\count271
\calc@Adimen=\dimen156
\calc@Bdimen=\dimen157
\calc@Askip=\skip55
\calc@Bskip=\skip56
LaTeX Info: Redefining \setlength on input line 80.
LaTeX Info: Redefining \addtolength on input line 81.
\calc@Ccount=\count272
\calc@Cskip=\skip57
) (mhsetup.sty
Package: mhsetup 2021/03/18 v1.4 programming setup (MH)
)
\g_MT_multlinerow_int=\count273
\l_MT_multwidth_dim=\dimen158
\origjot=\skip58
\l_MT_shortvdotswithinadjustabove_dim=\dimen159
\l_MT_shortvdotswithinadjustbelow_dim=\dimen160
\l_MT_above_intertext_sep=\dimen161
\l_MT_below_intertext_sep=\dimen162
\l_MT_above_shortintertext_sep=\dimen163
\l_MT_below_shortintertext_sep=\dimen164
\xmathstrut@box=\box52
\xmathstrut@dim=\dimen165
) (bm.sty
Package: bm 2021/04/25 v1.2e Bold Symbol Support (DPC/FMi)
\symboldoperators=\mathgroup6
\symboldletters=\mathgroup7
\symboldsymbols=\mathgroup8
Package bm Info: No bold for \OMX/lmex/m/n, using \pmb.
Package bm Info: No bold for \U/msa/m/n, using \pmb.
Package bm Info: No bold for \U/msb/m/n, using \pmb.
LaTeX Font Info:    Redeclaring math alphabet \mathbf on input line 149.
)
(booktabs.sty
Package: booktabs 2020/01/12 v1.61803398 Publication quality tables
\heavyrulewidth=\dimen166
\lightrulewidth=\dimen167
\cmidrulewidth=\dimen168
\belowrulesep=\dimen169
\belowbottomsep=\dimen170
\aboverulesep=\dimen171
\abovetopsep=\dimen172
\cmidrulesep=\dimen173
\cmidrulekern=\dimen174
\defaultaddspace=\dimen175
\@cmidla=\count274
\@cmidlb=\count275
\@aboverulesep=\dimen176
\@belowrulesep=\dimen177
\@thisruleclass=\count276
\@lastruleclass=\count277
\@thisrulewidth=\dimen178
) (array.sty
Package: array 2021/10/04 v2.5f Tabular extension package (FMi)
\col@sep=\dimen179
\ar@mcellbox=\box53
\extrarowheight=\dimen180
\NC@list=\toks31
\extratabsurround=\skip59
\backup@length=\skip60
\ar@cellbox=\box54
) (longtable.sty
Package: longtable 2021-09-01 v4.17 Multi-page Table package (DPC)
\LTleft=\skip61
\LTright=\skip62
\LTpre=\skip63
\LTpost=\skip64
\LTchunksize=\count278
\LTcapwidth=\dimen181
\LT@head=\box55
\LT@firsthead=\box56
\LT@foot=\box57
\LT@lastfoot=\box58
\LT@gbox=\box59
\LT@cols=\count279
\LT@rows=\count280
\c@LT@tables=\count281
\c@LT@chunks=\count282
\LT@p@ftn=\toks32
) (enumitem.sty
Package: enumitem 2019/06/20 v3.9 Customized lists
\labelindent=\skip65
\enit@outerparindent=\dimen182
\enit@toks=\toks33
\enit@inbox=\box60
\enit@count@id=\count283
\enitdp@description=\count284
) (hyperref.sty
Package: hyperref 2022-02-21 v7.00n Hypertext links for LaTeX

(ltxcmds.sty
Package: ltxcmds 2020-05-10 v1.25 LaTeX kernel commands for general use (HO)
) (pdftexcmds.sty
Package: pdftexcmds 2020-06-27 v0.33 Utility functions of pdfTeX for LuaTeX (HO
)
 (infwarerr.sty
Package: infwarerr 2019/12/03 v1.5 Providing info/warning/error messages (HO)
)
Package pdftexcmds Info: \pdf@primitive is available.
Package pdftexcmds Info: \pdf@ifprimitive is available.
Package pdftexcmds Info: \pdfdraftmode not found.
) (kvsetkeys.sty
Package: kvsetkeys 2019/12/15 v1.18 Key value parser (HO)
)
(kvdefinekeys.sty
Package: kvdefinekeys 2019-12-19 v1.6 Define keys (HO)
) (pdfescape.sty
Package: pdfescape 2019/12/09 v1.15 Implements pdfTeX's escape features (HO)
) (hycolor.sty
Package: hycolor 2020-01-27 v1.10 Color options for hyperref/bookmark (HO)
) (letltxmacro.sty
Package: letltxmacro 2019/12/03 v1.6 Let assignment for LaTeX macros (HO)
) (auxhook.sty
Package: auxhook 2019-12-17 v1.6 Hooks for auxiliary files (HO)
) (kvoptions.sty
Package: kvoptions 2020-10-07 v3.14 Key value format for package options (HO)
)
\@linkdim=\dimen183
\Hy@linkcounter=\count285
\Hy@pagecounter=\count286
 (pd1enc.def
File: pd1enc.def 2022-02-21 v7.00n Hyperref: PDFDocEncoding definition (HO)
) (intcalc.sty
Package: intcalc 2019/12/15 v1.3 Expandable calculations with integers (HO)
) (etexcmds.sty
Package: etexcmds 2019/12/15 v1.7 Avoid name clashes with e-TeX commands (HO)
)
\Hy@SavedSpaceFactor=\count287
 (puenc.def
File: puenc.def 2022-02-21 v7.00n Hyperref: PDF Unicode definition (HO)
)
Package hyperref Info: Hyper figures OFF on input line 4137.
Package hyperref Info: Link nesting OFF on input line 4142.
Package hyperref Info: Hyper index ON on input line 4145.
Package hyperref Info: Plain pages OFF on input line 4152.
Package hyperref Info: Backreferencing OFF on input line 4157.
Package hyperref Info: Implicit mode ON; LaTeX internals redefined.
Package hyperref Info: Bookmarks ON on input line 4390.
\c@Hy@tempcnt=\count288

(url.sty
\Urlmuskip=\muskip17
Package: url 2013/09/16  ver 3.4  Verb mode for urls, etc.
)
LaTeX Info: Redefining \url on input line 4749.
\XeTeXLinkMargin=\dimen184
 (bitset.sty
Package: bitset 2019/12/09 v1.3 Handle bit-vector datatype (HO)
 (bigintcalc.sty
Package: bigintcalc 2019/12/15 v1.5 Expandable calculations on big integers (HO
)
))
\Fld@menulength=\count289
\Field@Width=\dimen185
\Fld@charsize=\dimen186
Package hyperref Info: Hyper figures OFF on input line 6027.
Package hyperref Info: Link nesting OFF on input line 6032.
Package hyperref Info: Hyper index ON on input line 6035.
Package hyperref Info: backreferencing OFF on input line 6042.
Package hyperref Info: Link coloring OFF on input line 6047.
Package hyperref Info: Link coloring with OCG OFF on input line 6052.
Package hyperref Info: PDF/A mode OFF on input line 6057.
LaTeX Info: Redefining \ref on input line 6097.
LaTeX Info: Redefining \pageref on input line 6101.
 (atbegshi-ltx.sty
Package: atbegshi-ltx 2021/01/10 v1.0c Emulation of the original atbegshi
package with kernel methods
)
\Hy@abspage=\count290
\c@Item=\count291
\c@Hfootnote=\count292
)
Package hyperref Info: Driver (autodetected): hxetex.
 (hxetex.def
File: hxetex.def 2022-02-21 v7.00n Hyperref driver for XeTeX

(stringenc.sty
Package: stringenc 2019/11/29 v1.12 Convert strings between diff. encodings (HO
)
)
\pdfm@box=\box61
\c@Hy@AnnotLevel=\count293
\HyField@AnnotCount=\count294
\Fld@listcount=\count295
\c@bookmark@seq@number=\count296
 (rerunfilecheck.sty
Package: rerunfilecheck 2019/12/05 v1.9 Rerun checks for auxiliary files (HO)
 (atveryend-ltx.sty
Package: atveryend-ltx 2020/08/19 v1.0a Emulation of the original atveryend pac
kage
with kernel methods
) (uniquecounter.sty
Package: uniquecounter 2019/12/15 v1.4 Provide unlimited unique counter (HO)
)
Package uniquecounter Info: New unique counter `rerunfilecheck' on input line 2
86.
)
\Hy@SectionHShift=\skip66
)
(xurl.sty
Package: xurl 2022/01/09 v 0.10 modify URL breaks
) (seqsplit.sty
Package: seqsplit 2006/08/07 v0.1 Splitting long sequences (DNA, RNA, proteins,
 etc.) 
) (release_info.tex)
Package hyperref Info: Option `colorlinks' set `true' on input line 14.
\c@theorem=\count297
 (l3backend-xetex.def
File: l3backend-xetex.def 2022-02-07 L3 backend support: XeTeX
\c__kernel_sys_dvipdfmx_version_int=\count298
\l__color_backend_stack_int=\count299
\g__color_backend_stack_int=\count300
\g__graphics_track_int=\count301
\l__pdf_internal_box=\box62
\g__pdf_backend_object_int=\count302
\g__pdf_backend_annotation_int=\count303
\g__pdf_backend_link_int=\count304
)
(recovering_relativity_and_standard_model_structure_from_observer_overlap_consi
stency_compact.aux)
\openout1 = `recovering_relativity_and_standard_model_structure_from_observer_o
verlap_consistency_compact.aux'.

LaTeX Font Info:    Checking defaults for OML/cmm/m/it on input line 41.
LaTeX Font Info:    ... okay on input line 41.
LaTeX Font Info:    Checking defaults for OMS/cmsy/m/n on input line 41.
LaTeX Font Info:    ... okay on input line 41.
LaTeX Font Info:    Checking defaults for OT1/cmr/m/n on input line 41.
LaTeX Font Info:    ... okay on input line 41.
LaTeX Font Info:    Checking defaults for T1/cmr/m/n on input line 41.
LaTeX Font Info:    ... okay on input line 41.
LaTeX Font Info:    Checking defaults for TS1/cmr/m/n on input line 41.
LaTeX Font Info:    Trying to load font information for TS1+cmr on input line 4
1.
 (ts1cmr.fd
File: ts1cmr.fd 2019/12/16 v2.5j Standard LaTeX font definitions
)
LaTeX Font Info:    ... okay on input line 41.
LaTeX Font Info:    Checking defaults for TU/lmr/m/n on input line 41.
LaTeX Font Info:    ... okay on input line 41.
LaTeX Font Info:    Checking defaults for OMX/cmex/m/n on input line 41.
LaTeX Font Info:    ... okay on input line 41.
LaTeX Font Info:    Checking defaults for U/cmr/m/n on input line 41.
LaTeX Font Info:    ... okay on input line 41.
LaTeX Font Info:    Checking defaults for PD1/pdf/m/n on input line 41.
LaTeX Font Info:    ... okay on input line 41.
LaTeX Font Info:    Checking defaults for PU/pdf/m/n on input line 41.
LaTeX Font Info:    ... okay on input line 41.

*geometry* driver: auto-detecting
*geometry* detected driver: xetex
*geometry* verbose mode - [ preamble ] result:
* driver: xetex
* paper: <default>
* layout: <same size as paper>
* layoutoffset:(h,v)=(0.0pt,0.0pt)
* modes: 
* h-part:(L,W,R)=(72.26999pt, 469.75502pt, 72.26999pt)
* v-part:(T,H,B)=(72.26999pt, 650.43001pt, 72.26999pt)
* \paperwidth=614.295pt
* \paperheight=794.96999pt
* \textwidth=469.75502pt
* \textheight=650.43001pt
* \oddsidemargin=0.0pt
* \evensidemargin=0.0pt
* \topmargin=-37.0pt
* \headheight=12.0pt
* \headsep=25.0pt
* \topskip=11.0pt
* \footskip=30.0pt
* \marginparwidth=59.0pt
* \marginparsep=10.0pt
* \columnsep=10.0pt
* \skip\footins=10.0pt plus 4.0pt minus 2.0pt
* \hoffset=0.0pt
* \voffset=0.0pt
* \mag=1000
* \@twocolumnfalse
* \@twosidefalse
* \@mparswitchfalse
* \@reversemarginfalse
* (1in=72.27pt=25.4mm, 1cm=28.453pt)

(graphicx.sty
Package: graphicx 2021/09/16 v1.2d Enhanced LaTeX Graphics (DPC,SPQR)
 (graphics.sty
Package: graphics 2021/03/04 v1.4d Standard LaTeX Graphics (DPC,SPQR)
 (trig.sty
Package: trig 2021/08/11 v1.11 sin cos tan (DPC)
) (graphics.cfg
File: graphics.cfg 2016/06/04 v1.11 sample graphics configuration
)
Package graphics Info: Driver file: xetex.def on input line 107.
 (xetex.def
File: xetex.def 2021/03/18 v5.0k Graphics/color driver for xetex
))
\Gin@req@height=\dimen187
\Gin@req@width=\dimen188
) (color.sty
Package: color 2021/12/07 v1.3c Standard LaTeX Color (DPC)

(color.cfg
File: color.cfg 2016/01/02 v1.6 sample color configuration
)
Package color Info: Driver file: xetex.def on input line 149.
)
Package hyperref Info: Link coloring ON on input line 41.
 (nameref.sty
Package: nameref 2021-04-02 v2.47 Cross-referencing by name of section
 (refcount.sty
Package: refcount 2019/12/15 v3.6 Data extraction from label references (HO)
) (gettitlestring.sty
Package: gettitlestring 2019/12/15 v1.6 Cleanup title references (HO)
)
\c@section@level=\count305
)
LaTeX Info: Redefining \ref on input line 41.
LaTeX Info: Redefining \pageref on input line 41.
LaTeX Info: Redefining \nameref on input line 41.

(recovering_relativity_and_standard_model_structure_from_observer_overlap_consi
stency_compact.out)
(recovering_relativity_and_standard_model_structure_from_observer_overlap_consi
stency_compact.out)
\@outlinefile=\write3
\openout3 = `recovering_relativity_and_standard_model_structure_from_observer_o
verlap_consistency_compact.out'.

LaTeX Font Info:    Trying to load font information for OT1+lmr on input line 4
3.
 (ot1lmr.fd
File: ot1lmr.fd 2015/05/01 v1.6.1 Font defs for Latin Modern
)
LaTeX Font Info:    Trying to load font information for OML+lmm on input line 4
3.
 (omllmm.fd
File: omllmm.fd 2015/05/01 v1.6.1 Font defs for Latin Modern
)
LaTeX Font Info:    Trying to load font information for OMS+lmsy on input line 
43.
 (omslmsy.fd
File: omslmsy.fd 2015/05/01 v1.6.1 Font defs for Latin Modern
)
LaTeX Font Info:    Trying to load font information for OMX+lmex on input line 
43.
 (omxlmex.fd
File: omxlmex.fd 2015/05/01 v1.6.1 Font defs for Latin Modern
)
LaTeX Font Info:    External font `lmex10' loaded for size
(Font)              <12> on input line 43.
LaTeX Font Info:    External font `lmex10' loaded for size
(Font)              <8> on input line 43.
LaTeX Font Info:    External font `lmex10' loaded for size
(Font)              <6> on input line 43.
LaTeX Font Info:    Trying to load font information for U+msa on input line 43.

 (umsa.fd
File: umsa.fd 2013/01/14 v3.01 AMS symbols A
)
LaTeX Font Info:    Trying to load font information for U+msb on input line 43.

(umsb.fd
File: umsb.fd 2013/01/14 v3.01 AMS symbols B
)
LaTeX Font Info:    Trying to load font information for T1+lmtt on input line 4
3.
 (t1lmtt.fd
File: t1lmtt.fd 2015/05/01 v1.6.1 Font defs for Latin Modern
)
LaTeX Font Info:    External font `lmex10' loaded for size
(Font)              <10> on input line 50.
LaTeX Font Info:    External font `lmex10' loaded for size
(Font)              <7> on input line 50.
LaTeX Font Info:    External font `lmex10' loaded for size
(Font)              <5> on input line 50.
LaTeX Font Info:    External font `lmex10' loaded for size
(Font)              <10.95> on input line 70.
 [1

] [2] [3]
Underfull \hbox (badness 1603) in paragraph at lines 156--157
[]\T1/lmr/m/n/10.95 Downstream matter-sector con-tin-u-a-tions, in-clud-ing the
 charged-lepton ex-act centered-
 []

[4] [5] [6]
LaTeX Font Info:    External font `lmex10' loaded for size
(Font)              <9> on input line 282.
 [7] [8]
LaTeX Font Info:    Trying to load font information for OT1+lmss on input line 
363.
 (ot1lmss.fd
File: ot1lmss.fd 2015/05/01 v1.6.1 Font defs for Latin Modern
)
Overfull \hbox (43.68138pt too wide) in paragraph at lines 364--364
\T1/lmr/m/n/6 tetrads/metric/connection/curvature 
 []


Overfull \hbox (25.86795pt too wide) in paragraph at lines 364--364
\T1/lmr/m/n/6 Rademacher/Carathéodory 
 []


Overfull \hbox (29.00291pt too wide) in paragraph at lines 365--365
\T1/lmr/m/n/6 try/locality/covariance/common 
 []

[9] [10] [11] [12] [13]
Overfull \hbox (88.55757pt too wide) in paragraph at lines 445--467
\T1/lmr/m/it/10.95 The scale term is the con-junc-tion of $[]$, $[]$,
 []


Overfull \hbox (86.74432pt too wide) in paragraph at lines 445--467
[]$\T1/lmr/m/it/10.95 , $[]$, $[]$,
 []


Underfull \hbox (badness 2547) in paragraph at lines 445--467
[]$\T1/lmr/m/it/10.95 , a com-mon pri-mor-dial/anomaly mode-basis re-ceipt,
 []

[14] [15]
Overfull \hbox (96.87546pt too wide) detected at line 538
\OML/lmm/m/it/10.95 A[] \OT1/lmr/m/n/10.95 = 136\OML/lmm/m/it/10.95 :\OT1/lmr/m
/n/10.95 994835164621649457949994585787 [] + 0\OML/lmm/m/it/10.95 :\OT1/lmr/m/n
/10.95 041124336195630495 = 137\OML/lmm/m/it/10.95 :\OT1/lmr/m/n/10.95 03595950
0817279952949994585787 [] \OML/lmm/m/it/10.95 :
 []


Overfull \hbox (23.59908pt too wide) detected at line 559
\OML/lmm/m/it/10.95 ^^K[]\OT1/lmr/m/n/10.95 (0) = 136\OML/lmm/m/it/10.95 :\OT1/
lmr/m/n/10.95 2636589431\OML/lmm/m/it/10.95 ;  ^^K[]\OT1/lmr/m/n/10.95 (0) \OMS
/lmsy/m/n/10.95 2 \OT1/lmr/m/n/10.95 [136\OML/lmm/m/it/10.95 :\OT1/lmr/m/n/10.9
5 1583832834\OML/lmm/m/it/10.95 ; \OT1/lmr/m/n/10.95 136\OML/lmm/m/it/10.95 :\O
T1/lmr/m/n/10.95 3690975240]\OML/lmm/m/it/10.95 ;  P[] \OT1/lmr/m/n/10.95 = 1\O
ML/lmm/m/it/10.95 :\OT1/lmr/m/n/10.95 6310415204\OML/lmm/m/it/10.95 :
 []

[16]
Overfull \hbox (57.35794pt too wide) detected at line 577
\OT1/lmr/m/n/10.95 ^^A[] = 137\OML/lmm/m/it/10.95 :\OT1/lmr/m/n/10.95 035999177
 \OMS/lmsy/m/n/10.95 ^^@ \OT1/lmr/m/n/10.95 137\OML/lmm/m/it/10.95 :\OT1/lmr/m/
n/10.95 035959500817279952949994585787 [] = 0\OML/lmm/m/it/10.95 :\OT1/lmr/m/n/
10.95 000039676182720047050005414213 [] \OML/lmm/m/it/10.95 :
 []


Overfull \hbox (39.11432pt too wide) in paragraph at lines 591--617
[]$\T1/lmr/m/n/10.95 , $[]$, $[]$,
 []

[17]
Overfull \hbox (9.65968pt too wide) in paragraph at lines 660--676
\T1/lmr/m/n/10.95 a Krawczyk im-age strictly in-side $\OML/lmm/m/it/10.95 I[]$\
T1/lmr/m/n/10.95 , and a deriva-tive en-clo-sure con-tained in $\OT1/lmr/m/n/10
.95 [\OMS/lmsy/m/n/10.95 ^^@\OT1/lmr/m/n/10.95 10\OML/lmm/m/it/10.95 :\OT1/lmr/
m/n/10.95 995768\OML/lmm/m/it/10.95 ; \OMS/lmsy/m/n/10.95 ^^@\OT1/lmr/m/n/10.95
 10\OML/lmm/m/it/10.95 :\OT1/lmr/m/n/10.95 985284]$\T1/lmr/m/n/10.95 .
 []

[18]
LaTeX Font Info:    Trying to load font information for U+euf on input line 741
.
 (ueuf.fd
File: ueuf.fd 2013/01/14 v3.01 Euler Fraktur
) [19] [20] [21] [22] [23] [24] [25] [26] [27]
Underfull \hbox (badness 1264) in paragraph at lines 1252--1255
[][]\T1/lmr/bx/n/10.95 Remark 3.15 \T1/lmr/m/n/10.95 (Re-cov-ered--core the-o-r
em sources)\T1/lmr/bx/n/10.95 . []\T1/lmr/m/it/10.95 The scal-ing/BW step is Th
e-o-rem [][]6.13[][],
 []

[28]
Overfull \hbox (43.30934pt too wide) in paragraph at lines 1286--1286
\T1/lmr/m/n/8 tetrads/metric/connection/curvature 
 []


Overfull \hbox (39.88557pt too wide) in paragraph at lines 1286--1286
\T1/lmr/m/n/8 Rademacher/Carathéodory 
 []


Overfull \hbox (26.4827pt too wide) in paragraph at lines 1287--1287
\T1/lmr/m/n/8 try/locality/covariance/common 
 []


Overfull \hbox (2.21494pt too wide) in paragraph at lines 1287--1287
\T1/lmr/m/n/8 tion/tomography 
 []

[29] [30] [31] [32] [33] [34] [35] [36]
Overfull \vbox (37.04497pt too high) has occurred while \output is active []


[37] [38] [39] [40] [41] [42] [43] [44] [45] [46] [47] [48] [49] [50] [51]
[52] [53] [54] [55] [56] [57] [58] [59] [60] [61] [62] [63] [64] [65] [66]
[67] [68] [69] [70] [71] [72] [73] [74] [75]
Underfull \hbox (badness 3128) in paragraph at lines 3895--3897
[][]\T1/lmr/bx/n/10.95 Definition 6.4 \T1/lmr/m/n/10.95 (Fi-nite cap-nor-mal BW
 cer-tifi-cate)\T1/lmr/bx/n/10.95 . []\T1/lmr/m/it/10.95 A co-fi-nal reg-u-la-t
or branch car-ries
 []

[76] [77] [78] [79] [80] [81] [82] [83] [84] [85]
Overfull \hbox (141.28429pt too wide) detected at line 4472
[]  [][]\OMS/lmsy/m/n/10.95 !  []  [][]!  []  [][]!  []\OML/lmm/m/it/10.95 ;
 []

[86] [87] [88]
Underfull \hbox (badness 1565) in paragraph at lines 4734--4739
\T1/lmr/m/it/10.95 Consequently $[]$, the disk/mesh re-ceipts, and $[]\OT1/lmr/
m/n/10.95 (2\OML/lmm/m/it/10.95 ^^Y\OT1/lmr/m/n/10.95 )$ \T1/lmr/m/it/10.95 are
 not con-se-quences of bare
 []


Underfull \hbox (badness 2894) in paragraph at lines 4734--4739
\T1/lmr/m/it/10.95 fi-nite OPH con-sen-sus, and the im-pli-ca-tion dis-played a
bove ($[] \U/msb/m/n/10.95 ;
 []

[89]

Package hyperref Warning: Token not allowed in a PDF string (Unicode):
(hyperref)                removing `math shift' on input line 4779.


Package hyperref Warning: Token not allowed in a PDF string (Unicode):
(hyperref)                removing `superscript' on input line 4779.

[90] [91] [92] [93] [94] [95] [96] [97]

Package hyperref Warning: Token not allowed in a PDF string (Unicode):
(hyperref)                removing `math shift' on input line 5393.


Package hyperref Warning: Token not allowed in a PDF string (Unicode):
(hyperref)                removing `superscript' on input line 5393.

[98] [99] [100] [101] [102] [103] [104] [105] [106] [107] [108] [109] [110]
[111] [112] [113] [114] [115] [116] [117] [118] [119] [120] [121] [122]
[123] [124] [125] [126] [127] [128] [129] [130] [131] [132] [133] [134]
[135] [136] [137] [138] [139] [140]
Underfull \hbox (badness 1496) in paragraph at lines 8551--8554
[]\T1/lmr/bx/it/10.95 (R$[]$) \T1/lmr/m/it/10.95 physical-identification re-cei
pts: $[]$, $[]$, the ab-so-lute con-for-mal scale, sta-ble
 []

[141]
Overfull \hbox (42.43816pt too wide) detected at line 8561
[] \OMS/lmsy/m/n/10.95 ! [] ! [] ! [] ! [] ! \OML/lmm/m/it/10.95 T[] \OMS/lmsy/
m/n/10.95 ! \OML/lmm/m/it/10.95 S[][] \OMS/lmsy/m/n/10.95 ! [] ! []\OML/lmm/m/i
t/10.95 G[] \OT1/lmr/m/n/10.95 + ^^C\OML/lmm/m/it/10.95 g[] \OT1/lmr/m/n/10.95 
= 8\OML/lmm/m/it/10.95 ^^YG\OMS/lmsy/m/n/10.95 h\OML/lmm/m/it/10.95 T[]\OMS/lms
y/m/n/10.95 i[]
 []

[142] [143] [144] [145] [146] [147] [148] [149]

LaTeX Font Warning: Font shape `T1/lmr/m/scit' undefined
(Font)              using `T1/lmr/m/scsl' instead on input line 9206.


LaTeX Font Warning: Font shape `T1/lmr/m/scit' undefined
(Font)              using `T1/lmr/m/scsl' instead on input line 9206.


LaTeX Font Warning: Font shape `T1/lmr/m/scit' undefined
(Font)              using `T1/lmr/m/scsl' instead on input line 9206.


LaTeX Font Warning: Font shape `T1/lmr/m/scit' undefined
(Font)              using `T1/lmr/m/scsl' instead on input line 9207.


LaTeX Font Warning: Font shape `T1/lmr/m/scit' undefined
(Font)              using `T1/lmr/m/scsl' instead on input line 9207.

[150] [151] [152] [153] [154] [155] [156] [157] [158] [159] [160] [161]
[162] [163] [164] [165] [166] [167] [168] [169]
Underfull \hbox (badness 1337) in paragraph at lines 10411--10420
\T1/lmr/m/n/10.95 or fed-er-ated echosa-he-dral reg-u-la-tor charts; only the d
e-clared over-lap sec-tor al-ge-bra and
 []

[170] [171] [172]
Overfull \hbox (145.37267pt too wide) in paragraph at lines 10636--10650
\T1/lmr/m/n/10.95 or $\OML/lmm/m/it/10.95 N[]\OT1/lmr/m/n/10.95 (\OML/lmm/m/it/
10.95 P\OT1/lmr/m/n/10.95 ) = \OML/lmm/m/it/10.95 ^^Y []\OT1/lmr/m/n/10.95 [6\O
ML/lmm/m/it/10.95 ^^Y=\OT1/lmr/m/n/10.95 (\OML/lmm/m/it/10.95 P^^K[]\OT1/lmr/m/
n/10.95 (\OML/lmm/m/it/10.95 P\OT1/lmr/m/n/10.95 ))]$\T1/lmr/m/n/10.95 . On the
 pub-lic end-point branch this tar-get is $\OT1/lmr/m/n/10.95 3\OML/lmm/m/it/10
.95 :\OT1/lmr/m/n/10.95 5323546226929906511187512962330547600462 \OMS/lmsy/m/n/
10.95 ^^B
 []

[173] [174] [175] [176] [177] [178] [179] [180] [181]

Package hyperref Warning: Token not allowed in a PDF string (Unicode):
(hyperref)                removing `math shift' on input line 11263.


Package hyperref Warning: Token not allowed in a PDF string (Unicode):
(hyperref)                removing `\Lambda' on input line 11263.


Package hyperref Warning: Token not allowed in a PDF string (Unicode):
(hyperref)                removing `math shift' on input line 11263.

[182] [183] [184]
Underfull \hbox (badness 2426) in paragraph at lines 11460--11470
 []\T1/lmr/bx/n/10.95 Prospective-evidence ledger.[] \T1/lmr/m/n/10.95 The ev-i
-dence ledger records zero dis-crim-i-nat-ing frozen-
 []

[185] [186] [187] [188] [189] [190] [191] [192] [193]
Underfull \hbox (badness 1635) in paragraph at lines 11791--11792
[]\T1/lmr/m/n/10.95 discrete-horizon spec-troscopy tem-plates, phys-i-cal black
-hole evap-o-ra-tion claims, Page-
 []

[194] [195] [196] [197] [198]
Overfull \hbox (26.52226pt too wide) in paragraph at lines 11975--11980
\T1/lmr/m/n/10.95 on the con-di-tional value-law sur-face. The sep-a-rate targe
t-frozen in-verse adapter is $\OT1/lmr/m/n/10.95 (80\OML/lmm/m/it/10.95 :\OT1/l
mr/m/n/10.95 3625\OML/lmm/m/it/10.95 ; \OT1/lmr/m/n/10.95 91\OML/lmm/m/it/10.95
 :\OT1/lmr/m/n/10.95 1879) []$\T1/lmr/m/n/10.95 ;
 []

[199] [200] [201] [202] [203]
Overfull \hbox (68.47354pt too wide) detected at line 12225
\OT1/lmr/m/n/10.95 (\OML/lmm/m/it/10.95 M[]; M[]\OT1/lmr/m/n/10.95 )[] = (80\OM
L/lmm/m/it/10.95 :\OT1/lmr/m/n/10.95 37700001539531\OML/lmm/m/it/10.95 ;  \OT1/
lmr/m/n/10.95 91\OML/lmm/m/it/10.95 :\OT1/lmr/m/n/10.95 18797807794321) []\OML/
lmm/m/it/10.95 ;  M[] \OT1/lmr/m/n/10.95 = 125\OML/lmm/m/it/10.95 :\OT1/lmr/m/n
/10.95 1995304097179 []\OML/lmm/m/it/10.95 ;
 []

(tex_fragments/FINITE_QUOTIENT_ENSEMBLE_THEOREMS.tex [204] [205] [206] [207]
[208]) [209] (tex_fragments/COMPACT_TECHNICAL_SUPPLEMENT_PORT.tex [210]
[211] [212] [213] [214]
Underfull \hbox (badness 1067) in paragraph at lines 338--341
\T1/lmr/m/it/10.95 meaning that the gauge-boson proton-decay chan-nel is ab-sen
t. Scalar-mediated or higher-
 []

[215] [216] [217] [218] [219] [220] [221] [222] [223]
Underfull \hbox (badness 3209) in paragraph at lines 1011--1015
[]\T1/lmr/m/it/10.95 The quo-tient en-sem-bles obey the fi-nite fiber-sum iden-
tity, or its con-tin-u-ous push-
 []


Underfull \hbox (badness 1721) in paragraph at lines 1011--1015
\T1/lmr/m/it/10.95 for-ward/disintegration ana-logue, so $\OT1/lmr/m/n/10.95 (\
OML/lmm/m/it/10.95 p[]\OT1/lmr/m/n/10.95 )[]\OML/lmm/m/it/10.95 ^^V[] \OT1/lmr/
m/n/10.95 = \OML/lmm/m/it/10.95 ^^V[]$ \T1/lmr/m/it/10.95 and, by time-zero re-
stric-tion,
 []

[224] [225] [226] [227]) [228] (tex_fragments/FOUNDATIONAL_REFERENCES.tex
[229] [230]
Underfull \hbox (badness 1117) in paragraph at lines 215--219
[]\T1/lmr/m/n/10.95 F. Pastawski, B. Yoshida, D. Har-low, and J. Preskill, ``Ho
lo-graphic quan-tum error-
 []

) [231]
(recovering_relativity_and_standard_model_structure_from_observer_overlap_consi
stency_compact.aux)
Package rerunfilecheck Info: File `recovering_relativity_and_standard_model_str
ucture_from_observer_overlap_consistency_compact.out' has not changed.
(rerunfilecheck)             Checksum: 8E6DE5EA457B7AC40D0D27A150759A3B;16934.
 )
Output written on recovering_relativity_and_standard_model_structure_from_obser
ver_overlap_consistency_compact.xdv (231 pages, 1476896 bytes).
